httperf --hog --timeout=30 --client=0/1 --server=java-jetty.herokuapp.com --port=80 --uri=/ --rate=140 --send-buffer=4096 --recv-buffer=16384 --num-conns=4200 --num-calls=25
Maximum connect burst length: 1

Total: connections 4200 requests 104990 replies 104988 test-duration 30.297 s

Connection rate: 138.6 conn/s (7.2 ms/conn, <=286 concurrent connections)
Connection time [ms]: min 179.1 avg 723.0 max 9656.5 median 379.5 stddev 903.2
Connection time [ms]: connect 1.5
Connection length [replies/conn]: 24.997

Request rate: 3465.4 req/s (0.3 ms/req)
Request size [B]: 77.0

Reply rate [replies/s]: min 561.2 avg 3477.9 max 6148.6 stddev 783.0 (60 samples)
Reply time [ms]: response 28.9 transfer 0.0
Reply size [B]: header 188.0 content 47.0 footer 0.0 (total 235.0)
Reply status: 1xx=0 2xx=104988 3xx=0 4xx=0 5xx=0

CPU time [s]: user 6.23 system 24.04 (user 20.6% system 79.3% total 99.9%)
Net I/O: 1059.2 KB/s (8.7*10^6 bps)

Errors: total 2 client-timo 0 socket-timo 0 connrefused 0 connreset 2
Errors: fd-unavail 0 addrunavail 0 ftab-full 0 other 0
httperf --hog --timeout=30 --client=0/1 --server=java-jetty.herokuapp.com --port=80 --uri=/ --rate=210 --send-buffer=4096 --recv-buffer=16384 --num-conns=6300 --num-calls=25
Maximum connect burst length: 1

Total: connections 6300 requests 157480 replies 157479 test-duration 30.453 s

Connection rate: 206.9 conn/s (4.8 ms/conn, <=187 concurrent connections)
Connection time [ms]: min 92.2 avg 410.2 max 3624.6 median 362.5 stddev 281.0
Connection time [ms]: connect 2.6
Connection length [replies/conn]: 24.997

Request rate: 5171.2 req/s (0.2 ms/req)
Request size [B]: 77.0

Reply rate [replies/s]: min 3265.6 avg 5209.8 max 6660.6 stddev 518.1 (60 samples)
Reply time [ms]: response 16.3 transfer 0.0
Reply size [B]: header 187.0 content 48.0 footer 0.0 (total 235.0)
Reply status: 1xx=0 2xx=157478 3xx=0 4xx=0 5xx=1

CPU time [s]: user 5.65 system 24.77 (user 18.6% system 81.4% total 99.9%)
Net I/O: 1580.7 KB/s (12.9*10^6 bps)

Errors: total 1 client-timo 0 socket-timo 0 connrefused 0 connreset 1
Errors: fd-unavail 0 addrunavail 0 ftab-full 0 other 0
httperf --hog --timeout=30 --client=0/1 --server=java-jetty.herokuapp.com --port=80 --uri=/ --rate=280 --send-buffer=4096 --recv-buffer=16384 --num-conns=8400 --num-calls=25
Maximum connect burst length: 1

Total: connections 8400 requests 209955 replies 209947 test-duration 39.408 s

Connection rate: 213.2 conn/s (4.7 ms/conn, <=1163 concurrent connections)
Connection time [ms]: min 187.6 avg 2317.9 max 21567.1 median 1203.5 stddev 2538.8
Connection time [ms]: connect 2.0
Connection length [replies/conn]: 24.994

Request rate: 5327.7 req/s (0.2 ms/req)
Request size [B]: 77.0

Reply rate [replies/s]: min 0.0 avg 5378.6 max 10342.3 stddev 2996.8 (78 samples)
Reply time [ms]: response 92.7 transfer 0.0
Reply size [B]: header 188.0 content 47.0 footer 0.0 (total 235.0)
Reply status: 1xx=0 2xx=209947 3xx=0 4xx=0 5xx=0

CPU time [s]: user 3.35 system 36.04 (user 8.5% system 91.4% total 99.9%)
Net I/O: 1628.4 KB/s (13.3*10^6 bps)

Errors: total 8 client-timo 0 socket-timo 0 connrefused 0 connreset 8
Errors: fd-unavail 0 addrunavail 0 ftab-full 0 other 0
httperf --hog --timeout=30 --client=0/1 --server=java-jetty.herokuapp.com --port=80 --uri=/ --rate=350 --send-buffer=4096 --recv-buffer=16384 --num-conns=10500 --num-calls=25
Maximum connect burst length: 13

Total: connections 10500 requests 262404 replies 262396 test-duration 34.389 s

Connection rate: 305.3 conn/s (3.3 ms/conn, <=1513 concurrent connections)
Connection time [ms]: min 170.0 avg 3743.8 max 17508.7 median 3118.5 stddev 2144.8
Connection time [ms]: connect 2.7
Connection length [replies/conn]: 24.990

Request rate: 7630.4 req/s (0.1 ms/req)
Request size [B]: 77.0

Reply rate [replies/s]: min 120.0 avg 7712.1 max 9785.4 stddev 2439.9 (68 samples)
Reply time [ms]: response 149.7 transfer 0.0
Reply size [B]: header 188.0 content 47.0 footer 0.0 (total 235.0)
Reply status: 1xx=0 2xx=262396 3xx=0 4xx=0 5xx=0

CPU time [s]: user 2.27 system 32.10 (user 6.6% system 93.3% total 99.9%)
Net I/O: 2332.3 KB/s (19.1*10^6 bps)

Errors: total 8 client-timo 0 socket-timo 0 connrefused 0 connreset 8
Errors: fd-unavail 0 addrunavail 0 ftab-full 0 other 0
Zero replies received, test invalid: rate 420
Use of uninitialized value in concatenation (.) or string at /usr/local/bin/autobench line 326.
Use of uninitialized value in concatenation (.) or string at /usr/local/bin/autobench line 326.
Use of uninitialized value in concatenation (.) or string at /usr/local/bin/autobench line 326.
Use of uninitialized value in concatenation (.) or string at /usr/local/bin/autobench line 326.
Use of uninitialized value in concatenation (.) or string at /usr/local/bin/autobench line 326.
Use of uninitialized value in concatenation (.) or string at /usr/local/bin/autobench line 326.
Use of uninitialized value in concatenation (.) or string at /usr/local/bin/autobench line 326.
Use of uninitialized value in concatenation (.) or string at /usr/local/bin/autobench line 326.
Zero replies received, test invalid: rate 490
Use of uninitialized value in concatenation (.) or string at /usr/local/bin/autobench line 326.
Use of uninitialized value in concatenation (.) or string at /usr/local/bin/autobench line 326.
Use of uninitialized value in concatenation (.) or string at /usr/local/bin/autobench line 326.
Use of uninitialized value in concatenation (.) or string at /usr/local/bin/autobench line 326.
Use of uninitialized value in concatenation (.) or string at /usr/local/bin/autobench line 326.
Use of uninitialized value in concatenation (.) or string at /usr/local/bin/autobench line 326.
Use of uninitialized value in concatenation (.) or string at /usr/local/bin/autobench line 326.
Use of uninitialized value in concatenation (.) or string at /usr/local/bin/autobench line 326.
Zero replies received, test invalid: rate 560
Use of uninitialized value in concatenation (.) or string at /usr/local/bin/autobench line 326.
Use of uninitialized value in concatenation (.) or string at /usr/local/bin/autobench line 326.
Use of uninitialized value in concatenation (.) or string at /usr/local/bin/autobench line 326.
Use of uninitialized value in concatenation (.) or string at /usr/local/bin/autobench line 326.
Use of uninitialized value in concatenation (.) or string at /usr/local/bin/autobench line 326.
Use of uninitialized value in concatenation (.) or string at /usr/local/bin/autobench line 326.
Use of uninitialized value in concatenation (.) or string at /usr/local/bin/autobench line 326.
Use of uninitialized value in concatenation (.) or string at /usr/local/bin/autobench line 326.
Zero replies received, test invalid: rate 630
Use of uninitialized value in concatenation (.) or string at /usr/local/bin/autobench line 326.
Use of uninitialized value in concatenation (.) or string at /usr/local/bin/autobench line 326.
Use of uninitialized value in concatenation (.) or string at /usr/local/bin/autobench line 326.
Use of uninitialized value in concatenation (.) or string at /usr/local/bin/autobench line 326.
Use of uninitialized value in concatenation (.) or string at /usr/local/bin/autobench line 326.
Use of uninitialized value in concatenation (.) or string at /usr/local/bin/autobench line 326.
Use of uninitialized value in concatenation (.) or string at /usr/local/bin/autobench line 326.
Use of uninitialized value in concatenation (.) or string at /usr/local/bin/autobench line 326.
Zero replies received, test invalid: rate 700
Use of uninitialized value in concatenation (.) or string at /usr/local/bin/autobench line 326.
Use of uninitialized value in concatenation (.) or string at /usr/local/bin/autobench line 326.
Use of uninitialized value in concatenation (.) or string at /usr/local/bin/autobench line 326.
Use of uninitialized value in concatenation (.) or string at /usr/local/bin/autobench line 326.
Use of uninitialized value in concatenation (.) or string at /usr/local/bin/autobench line 326.
Use of uninitialized value in concatenation (.) or string at /usr/local/bin/autobench line 326.
Use of uninitialized value in concatenation (.) or string at /usr/local/bin/autobench line 326.
Use of uninitialized value in concatenation (.) or string at /usr/local/bin/autobench line 326.
Zero replies received, test invalid: rate 770
Use of uninitialized value in concatenation (.) or string at /usr/local/bin/autobench line 326.
Use of uninitialized value in concatenation (.) or string at /usr/local/bin/autobench line 326.
Use of uninitialized value in concatenation (.) or string at /usr/local/bin/autobench line 326.
Use of uninitialized value in concatenation (.) or string at /usr/local/bin/autobench line 326.
Use of uninitialized value in concatenation (.) or string at /usr/local/bin/autobench line 326.
Use of uninitialized value in concatenation (.) or string at /usr/local/bin/autobench line 326.
Use of uninitialized value in concatenation (.) or string at /usr/local/bin/autobench line 326.
Use of uninitialized value in concatenation (.) or string at /usr/local/bin/autobench line 326.
Zero replies received, test invalid: rate 840
Use of uninitialized value in concatenation (.) or string at /usr/local/bin/autobench line 326.
Use of uninitialized value in concatenation (.) or string at /usr/local/bin/autobench line 326.
Use of uninitialized value in concatenation (.) or string at /usr/local/bin/autobench line 326.
Use of uninitialized value in concatenation (.) or string at /usr/local/bin/autobench line 326.
Use of uninitialized value in concatenation (.) or string at /usr/local/bin/autobench line 326.
Use of uninitialized value in concatenation (.) or string at /usr/local/bin/autobench line 326.
Use of uninitialized value in concatenation (.) or string at /usr/local/bin/autobench line 326.
Use of uninitialized value in concatenation (.) or string at /usr/local/bin/autobench line 326.
Zero replies received, test invalid: rate 910
Use of uninitialized value in concatenation (.) or string at /usr/local/bin/autobench line 326.
Use of uninitialized value in concatenation (.) or string at /usr/local/bin/autobench line 326.
Use of uninitialized value in concatenation (.) or string at /usr/local/bin/autobench line 326.
Use of uninitialized value in concatenation (.) or string at /usr/local/bin/autobench line 326.
Use of uninitialized value in concatenation (.) or string at /usr/local/bin/autobench line 326.
Use of uninitialized value in concatenation (.) or string at /usr/local/bin/autobench line 326.
Use of uninitialized value in concatenation (.) or string at /usr/local/bin/autobench line 326.
Use of uninitialized value in concatenation (.) or string at /usr/local/bin/autobench line 326.
Zero replies received, test invalid: rate 980
Use of uninitialized value in concatenation (.) or string at /usr/local/bin/autobench line 326.
Use of uninitialized value in concatenation (.) or string at /usr/local/bin/autobench line 326.
Use of uninitialized value in concatenation (.) or string at /usr/local/bin/autobench line 326.
Use of uninitialized value in concatenation (.) or string at /usr/local/bin/autobench line 326.
Use of uninitialized value in concatenation (.) or string at /usr/local/bin/autobench line 326.
Use of uninitialized value in concatenation (.) or string at /usr/local/bin/autobench line 326.
Use of uninitialized value in concatenation (.) or string at /usr/local/bin/autobench line 326.
Use of uninitialized value in concatenation (.) or string at /usr/local/bin/autobench line 326.
Zero replies received, test invalid: rate 1050
Use of uninitialized value in concatenation (.) or string at /usr/local/bin/autobench line 326.
Use of uninitialized value in concatenation (.) or string at /usr/local/bin/autobench line 326.
Use of uninitialized value in concatenation (.) or string at /usr/local/bin/autobench line 326.
Use of uninitialized value in concatenation (.) or string at /usr/local/bin/autobench line 326.
Use of uninitialized value in concatenation (.) or string at /usr/local/bin/autobench line 326.
Use of uninitialized value in concatenation (.) or string at /usr/local/bin/autobench line 326.
Use of uninitialized value in concatenation (.) or string at /usr/local/bin/autobench line 326.
Use of uninitialized value in concatenation (.) or string at /usr/local/bin/autobench line 326.
Zero replies received, test invalid: rate 1120
Use of uninitialized value in concatenation (.) or string at /usr/local/bin/autobench line 326.
Use of uninitialized value in concatenation (.) or string at /usr/local/bin/autobench line 326.
Use of uninitialized value in concatenation (.) or string at /usr/local/bin/autobench line 326.
Use of uninitialized value in concatenation (.) or string at /usr/local/bin/autobench line 326.
Use of uninitialized value in concatenation (.) or string at /usr/local/bin/autobench line 326.
Use of uninitialized value in concatenation (.) or string at /usr/local/bin/autobench line 326.
Use of uninitialized value in concatenation (.) or string at /usr/local/bin/autobench line 326.
Use of uninitialized value in concatenation (.) or string at /usr/local/bin/autobench line 326.
Zero replies received, test invalid: rate 1190
Use of uninitialized value in concatenation (.) or string at /usr/local/bin/autobench line 326.
Use of uninitialized value in concatenation (.) or string at /usr/local/bin/autobench line 326.
Use of uninitialized value in concatenation (.) or string at /usr/local/bin/autobench line 326.
Use of uninitialized value in concatenation (.) or string at /usr/local/bin/autobench line 326.
Use of uninitialized value in concatenation (.) or string at /usr/local/bin/autobench line 326.
Use of uninitialized value in concatenation (.) or string at /usr/local/bin/autobench line 326.
Use of uninitialized value in concatenation (.) or string at /usr/local/bin/autobench line 326.
Use of uninitialized value in concatenation (.) or string at /usr/local/bin/autobench line 326.
Zero replies received, test invalid: rate 1260
Use of uninitialized value in concatenation (.) or string at /usr/local/bin/autobench line 326.
Use of uninitialized value in concatenation (.) or string at /usr/local/bin/autobench line 326.
Use of uninitialized value in concatenation (.) or string at /usr/local/bin/autobench line 326.
Use of uninitialized value in concatenation (.) or string at /usr/local/bin/autobench line 326.
Use of uninitialized value in concatenation (.) or string at /usr/local/bin/autobench line 326.
Use of uninitialized value in concatenation (.) or string at /usr/local/bin/autobench line 326.
Use of uninitialized value in concatenation (.) or string at /usr/local/bin/autobench line 326.
Use of uninitialized value in concatenation (.) or string at /usr/local/bin/autobench line 326.
Zero replies received, test invalid: rate 1330
Use of uninitialized value in concatenation (.) or string at /usr/local/bin/autobench line 326.
Use of uninitialized value in concatenation (.) or string at /usr/local/bin/autobench line 326.
Use of uninitialized value in concatenation (.) or string at /usr/local/bin/autobench line 326.
Use of uninitialized value in concatenation (.) or string at /usr/local/bin/autobench line 326.
Use of uninitialized value in concatenation (.) or string at /usr/local/bin/autobench line 326.
Use of uninitialized value in concatenation (.) or string at /usr/local/bin/autobench line 326.
Use of uninitialized value in concatenation (.) or string at /usr/local/bin/autobench line 326.
Use of uninitialized value in concatenation (.) or string at /usr/local/bin/autobench line 326.
Zero replies received, test invalid: rate 1400
Use of uninitialized value in concatenation (.) or string at /usr/local/bin/autobench line 326.
Use of uninitialized value in concatenation (.) or string at /usr/local/bin/autobench line 326.
Use of uninitialized value in concatenation (.) or string at /usr/local/bin/autobench line 326.
Use of uninitialized value in concatenation (.) or string at /usr/local/bin/autobench line 326.
Use of uninitialized value in concatenation (.) or string at /usr/local/bin/autobench line 326.
Use of uninitialized value in concatenation (.) or string at /usr/local/bin/autobench line 326.
Use of uninitialized value in concatenation (.) or string at /usr/local/bin/autobench line 326.
Use of uninitialized value in concatenation (.) or string at /usr/local/bin/autobench line 326.
Zero replies received, test invalid: rate 1470
Use of uninitialized value in concatenation (.) or string at /usr/local/bin/autobench line 326.
Use of uninitialized value in concatenation (.) or string at /usr/local/bin/autobench line 326.
Use of uninitialized value in concatenation (.) or string at /usr/local/bin/autobench line 326.
Use of uninitialized value in concatenation (.) or string at /usr/local/bin/autobench line 326.
Use of uninitialized value in concatenation (.) or string at /usr/local/bin/autobench line 326.
Use of uninitialized value in concatenation (.) or string at /usr/local/bin/autobench line 326.
Use of uninitialized value in concatenation (.) or string at /usr/local/bin/autobench line 326.
Use of uninitialized value in concatenation (.) or string at /usr/local/bin/autobench line 326.
Zero replies received, test invalid: rate 1540
Use of uninitialized value in concatenation (.) or string at /usr/local/bin/autobench line 326.
Use of uninitialized value in concatenation (.) or string at /usr/local/bin/autobench line 326.
Use of uninitialized value in concatenation (.) or string at /usr/local/bin/autobench line 326.
Use of uninitialized value in concatenation (.) or string at /usr/local/bin/autobench line 326.
Use of uninitialized value in concatenation (.) or string at /usr/local/bin/autobench line 326.
Use of uninitialized value in concatenation (.) or string at /usr/local/bin/autobench line 326.
Use of uninitialized value in concatenation (.) or string at /usr/local/bin/autobench line 326.
Use of uninitialized value in concatenation (.) or string at /usr/local/bin/autobench line 326.
Zero replies received, test invalid: rate 1610
Use of uninitialized value in concatenation (.) or string at /usr/local/bin/autobench line 326.
Use of uninitialized value in concatenation (.) or string at /usr/local/bin/autobench line 326.
Use of uninitialized value in concatenation (.) or string at /usr/local/bin/autobench line 326.
Use of uninitialized value in concatenation (.) or string at /usr/local/bin/autobench line 326.
Use of uninitialized value in concatenation (.) or string at /usr/local/bin/autobench line 326.
Use of uninitialized value in concatenation (.) or string at /usr/local/bin/autobench line 326.
Use of uninitialized value in concatenation (.) or string at /usr/local/bin/autobench line 326.
Use of uninitialized value in concatenation (.) or string at /usr/local/bin/autobench line 326.
Zero replies received, test invalid: rate 1680
Use of uninitialized value in concatenation (.) or string at /usr/local/bin/autobench line 326.
Use of uninitialized value in concatenation (.) or string at /usr/local/bin/autobench line 326.
Use of uninitialized value in concatenation (.) or string at /usr/local/bin/autobench line 326.
Use of uninitialized value in concatenation (.) or string at /usr/local/bin/autobench line 326.
Use of uninitialized value in concatenation (.) or string at /usr/local/bin/autobench line 326.
Use of uninitialized value in concatenation (.) or string at /usr/local/bin/autobench line 326.
Use of uninitialized value in concatenation (.) or string at /usr/local/bin/autobench line 326.
Use of uninitialized value in concatenation (.) or string at /usr/local/bin/autobench line 326.
