httperf --hog --timeout=30 --client=0/1 --server=js-node.herokuapp.com --port=80 --uri=/ --rate=140 --send-buffer=4096 --recv-buffer=16384 --num-conns=4200 --num-calls=25
Maximum connect burst length: 1

Total: connections 4200 requests 105000 replies 105000 test-duration 30.430 s

Connection rate: 138.0 conn/s (7.2 ms/conn, <=162 concurrent connections)
Connection time [ms]: min 172.7 avg 441.2 max 1863.6 median 367.5 stddev 222.4
Connection time [ms]: connect 1.4
Connection length [replies/conn]: 25.000

Request rate: 3450.6 req/s (0.3 ms/req)
Request size [B]: 74.0

Reply rate [replies/s]: min 1404.0 avg 3482.2 max 4986.4 stddev 713.0 (60 samples)
Reply time [ms]: response 17.6 transfer 0.0
Reply size [B]: header 126.0 content 20.0 footer 0.0 (total 146.0)
Reply status: 1xx=0 2xx=105000 3xx=0 4xx=0 5xx=0

CPU time [s]: user 6.93 system 23.47 (user 22.8% system 77.1% total 99.9%)
Net I/O: 741.3 KB/s (6.1*10^6 bps)

Errors: total 0 client-timo 0 socket-timo 0 connrefused 0 connreset 0
Errors: fd-unavail 0 addrunavail 0 ftab-full 0 other 0
httperf --hog --timeout=30 --client=0/1 --server=js-node.herokuapp.com --port=80 --uri=/ --rate=210 --send-buffer=4096 --recv-buffer=16384 --num-conns=6300 --num-calls=25
Maximum connect burst length: 2

Total: connections 6300 requests 157476 replies 157475 test-duration 30.533 s

Connection rate: 206.3 conn/s (4.8 ms/conn, <=335 concurrent connections)
Connection time [ms]: min 258.0 avg 720.2 max 4011.8 median 606.5 stddev 354.8
Connection time [ms]: connect 1.5
Connection length [replies/conn]: 25.000

Request rate: 5157.6 req/s (0.2 ms/req)
Request size [B]: 74.0

Reply rate [replies/s]: min 3052.4 avg 5163.3 max 7140.5 stddev 745.0 (61 samples)
Reply time [ms]: response 28.7 transfer 0.0
Reply size [B]: header 126.0 content 20.0 footer 0.0 (total 146.0)
Reply status: 1xx=0 2xx=157475 3xx=0 4xx=0 5xx=0

CPU time [s]: user 4.08 system 26.41 (user 13.4% system 86.5% total 99.9%)
Net I/O: 1108.1 KB/s (9.1*10^6 bps)

Errors: total 1 client-timo 0 socket-timo 0 connrefused 0 connreset 1
Errors: fd-unavail 0 addrunavail 0 ftab-full 0 other 0
httperf --hog --timeout=30 --client=0/1 --server=js-node.herokuapp.com --port=80 --uri=/ --rate=280 --send-buffer=4096 --recv-buffer=16384 --num-conns=8400 --num-calls=25
Maximum connect burst length: 1

Total: connections 8400 requests 209990 replies 209989 test-duration 30.507 s

Connection rate: 275.3 conn/s (3.6 ms/conn, <=405 concurrent connections)
Connection time [ms]: min 182.2 avg 598.5 max 9541.6 median 493.5 stddev 498.0
Connection time [ms]: connect 2.5
Connection length [replies/conn]: 24.999

Request rate: 6883.4 req/s (0.1 ms/req)
Request size [B]: 74.0

Reply rate [replies/s]: min 3480.2 avg 6885.3 max 8878.3 stddev 1063.3 (61 samples)
Reply time [ms]: response 23.8 transfer 0.0
Reply size [B]: header 126.0 content 20.0 footer 0.0 (total 146.0)
Reply status: 1xx=0 2xx=209989 3xx=0 4xx=0 5xx=0

CPU time [s]: user 3.94 system 26.53 (user 12.9% system 87.0% total 99.9%)
Net I/O: 1478.9 KB/s (12.1*10^6 bps)

Errors: total 1 client-timo 0 socket-timo 0 connrefused 0 connreset 1
Errors: fd-unavail 0 addrunavail 0 ftab-full 0 other 0
httperf --hog --timeout=30 --client=0/1 --server=js-node.herokuapp.com --port=80 --uri=/ --rate=350 --send-buffer=4096 --recv-buffer=16384 --num-conns=10500 --num-calls=25
Maximum connect burst length: 2

Total: connections 10500 requests 262460 replies 262458 test-duration 32.936 s

Connection rate: 318.8 conn/s (3.1 ms/conn, <=1044 concurrent connections)
Connection time [ms]: min 128.2 avg 1958.6 max 14105.9 median 1580.5 stddev 1468.7
Connection time [ms]: connect 3.1
Connection length [replies/conn]: 24.996

Request rate: 7968.8 req/s (0.1 ms/req)
Request size [B]: 74.0

Reply rate [replies/s]: min 0.0 avg 8040.0 max 10018.3 stddev 2223.3 (65 samples)
Reply time [ms]: response 78.2 transfer 0.0
Reply size [B]: header 126.0 content 20.0 footer 0.0 (total 146.0)
Reply status: 1xx=0 2xx=262458 3xx=0 4xx=0 5xx=0

CPU time [s]: user 2.30 system 30.60 (user 7.0% system 92.9% total 99.9%)
Net I/O: 1712.0 KB/s (14.0*10^6 bps)

Errors: total 2 client-timo 0 socket-timo 0 connrefused 0 connreset 2
Errors: fd-unavail 0 addrunavail 0 ftab-full 0 other 0
httperf --hog --timeout=30 --client=0/1 --server=js-node.herokuapp.com --port=80 --uri=/ --rate=420 --send-buffer=4096 --recv-buffer=16384 --num-conns=12600 --num-calls=25
Maximum connect burst length: 2

Total: connections 12600 requests 314979 replies 314977 test-duration 37.752 s

Connection rate: 333.8 conn/s (3.0 ms/conn, <=2378 concurrent connections)
Connection time [ms]: min 259.7 avg 3598.6 max 21420.4 median 2363.5 stddev 3010.2
Connection time [ms]: connect 2.4
Connection length [replies/conn]: 24.998

Request rate: 8343.4 req/s (0.1 ms/req)
Request size [B]: 74.0

Reply rate [replies/s]: min 0.0 avg 8398.8 max 11157.5 stddev 2849.1 (75 samples)
Reply time [ms]: response 143.8 transfer 0.0
Reply size [B]: header 126.0 content 20.0 footer 0.0 (total 146.0)
Reply status: 1xx=0 2xx=314977 3xx=0 4xx=0 5xx=0

CPU time [s]: user 3.27 system 34.44 (user 8.7% system 91.2% total 99.9%)
Net I/O: 1792.5 KB/s (14.7*10^6 bps)

Errors: total 2 client-timo 0 socket-timo 0 connrefused 0 connreset 2
Errors: fd-unavail 0 addrunavail 0 ftab-full 0 other 0
httperf --hog --timeout=30 --client=0/1 --server=js-node.herokuapp.com --port=80 --uri=/ --rate=490 --send-buffer=4096 --recv-buffer=16384 --num-conns=14700 --num-calls=25
Maximum connect burst length: 17

Total: connections 14700 requests 329295 replies 326196 test-duration 42.871 s

Connection rate: 342.9 conn/s (2.9 ms/conn, <=6108 concurrent connections)
Connection time [ms]: min 189.6 avg 9463.3 max 36566.3 median 9401.5 stddev 5547.9
Connection time [ms]: connect 9.4
Connection length [replies/conn]: 22.364

Request rate: 7681.0 req/s (0.1 ms/req)
Request size [B]: 74.0

Reply rate [replies/s]: min 0.0 avg 7672.4 max 10630.8 stddev 2728.8 (85 samples)
Reply time [ms]: response 420.7 transfer 0.0
Reply size [B]: header 126.0 content 26.0 footer 0.0 (total 152.0)
Reply status: 1xx=0 2xx=322790 3xx=0 4xx=0 5xx=3406

CPU time [s]: user 3.01 system 39.79 (user 7.0% system 92.8% total 99.8%)
Net I/O: 1689.1 KB/s (13.8*10^6 bps)

Errors: total 3099 client-timo 0 socket-timo 0 connrefused 0 connreset 3099
Errors: fd-unavail 0 addrunavail 0 ftab-full 0 other 0
Zero replies received, test invalid: rate 560
Use of uninitialized value in concatenation (.) or string at /usr/local/bin/autobench line 326.
Use of uninitialized value in concatenation (.) or string at /usr/local/bin/autobench line 326.
Use of uninitialized value in concatenation (.) or string at /usr/local/bin/autobench line 326.
Use of uninitialized value in concatenation (.) or string at /usr/local/bin/autobench line 326.
Use of uninitialized value in concatenation (.) or string at /usr/local/bin/autobench line 326.
Use of uninitialized value in concatenation (.) or string at /usr/local/bin/autobench line 326.
Use of uninitialized value in concatenation (.) or string at /usr/local/bin/autobench line 326.
Use of uninitialized value in concatenation (.) or string at /usr/local/bin/autobench line 326.
httperf --hog --timeout=30 --client=0/1 --server=js-node.herokuapp.com --port=80 --uri=/ --rate=630 --send-buffer=4096 --recv-buffer=16384 --num-conns=18900 --num-calls=25
Maximum connect burst length: 6

Total: connections 18900 requests 440894 replies 437981 test-duration 38.823 s

Connection rate: 486.8 conn/s (2.1 ms/conn, <=5981 concurrent connections)
Connection time [ms]: min 269.0 avg 8338.1 max 25014.6 median 8634.5 stddev 3149.2
Connection time [ms]: connect 16.6
Connection length [replies/conn]: 23.259

Request rate: 11356.5 req/s (0.1 ms/req)
Request size [B]: 74.0

Reply rate [replies/s]: min 1240.0 avg 11349.5 max 20857.0 stddev 4582.6 (77 samples)
Reply time [ms]: response 355.5 transfer 0.0
Reply size [B]: header 121.0 content 17.0 footer 0.0 (total 138.0)
Reply status: 1xx=0 2xx=299395 3xx=0 4xx=0 5xx=138586

CPU time [s]: user 2.67 system 36.11 (user 6.9% system 93.0% total 99.9%)
Net I/O: 2357.6 KB/s (19.3*10^6 bps)

Errors: total 2913 client-timo 0 socket-timo 0 connrefused 0 connreset 2913
Errors: fd-unavail 0 addrunavail 0 ftab-full 0 other 0
Zero replies received, test invalid: rate 700
Use of uninitialized value in concatenation (.) or string at /usr/local/bin/autobench line 326.
Use of uninitialized value in concatenation (.) or string at /usr/local/bin/autobench line 326.
Use of uninitialized value in concatenation (.) or string at /usr/local/bin/autobench line 326.
Use of uninitialized value in concatenation (.) or string at /usr/local/bin/autobench line 326.
Use of uninitialized value in concatenation (.) or string at /usr/local/bin/autobench line 326.
Use of uninitialized value in concatenation (.) or string at /usr/local/bin/autobench line 326.
Use of uninitialized value in concatenation (.) or string at /usr/local/bin/autobench line 326.
Use of uninitialized value in concatenation (.) or string at /usr/local/bin/autobench line 326.
Zero replies received, test invalid: rate 770
Use of uninitialized value in concatenation (.) or string at /usr/local/bin/autobench line 326.
Use of uninitialized value in concatenation (.) or string at /usr/local/bin/autobench line 326.
Use of uninitialized value in concatenation (.) or string at /usr/local/bin/autobench line 326.
Use of uninitialized value in concatenation (.) or string at /usr/local/bin/autobench line 326.
Use of uninitialized value in concatenation (.) or string at /usr/local/bin/autobench line 326.
Use of uninitialized value in concatenation (.) or string at /usr/local/bin/autobench line 326.
Use of uninitialized value in concatenation (.) or string at /usr/local/bin/autobench line 326.
Use of uninitialized value in concatenation (.) or string at /usr/local/bin/autobench line 326.
httperf --hog --timeout=30 --client=0/1 --server=js-node.herokuapp.com --port=80 --uri=/ --rate=840 --send-buffer=4096 --recv-buffer=16384 --num-conns=25200 --num-calls=25
Maximum connect burst length: 43

Total: connections 25200 requests 419920 replies 405347 test-duration 56.496 s

Connection rate: 446.0 conn/s (2.2 ms/conn, <=10068 concurrent connections)
Connection time [ms]: min 26.6 avg 9496.1 max 47526.8 median 8995.5 stddev 6509.3
Connection time [ms]: connect 23.6
Connection length [replies/conn]: 16.675

Request rate: 7432.7 req/s (0.1 ms/req)
Request size [B]: 74.0

Reply rate [replies/s]: min 0.0 avg 7231.8 max 20771.7 stddev 5252.2 (112 samples)
Reply time [ms]: response 556.9 transfer 1.5
Reply size [B]: header 125.0 content 42.0 footer 0.0 (total 167.0)
Reply status: 1xx=0 2xx=317064 3xx=0 4xx=0 5xx=88283

CPU time [s]: user 4.81 system 51.64 (user 8.5% system 91.4% total 99.9%)
Net I/O: 1713.5 KB/s (14.0*10^6 bps)

Errors: total 14573 client-timo 16 socket-timo 0 connrefused 0 connreset 14557
Errors: fd-unavail 0 addrunavail 0 ftab-full 0 other 0
httperf --hog --timeout=30 --client=0/1 --server=js-node.herokuapp.com --port=80 --uri=/ --rate=910 --send-buffer=4096 --recv-buffer=16384 --num-conns=27300 --num-calls=25
Maximum connect burst length: 9

Total: connections 27300 requests 409081 replies 392303 test-duration 63.666 s

Connection rate: 428.8 conn/s (2.3 ms/conn, <=9821 concurrent connections)
Connection time [ms]: min 31.4 avg 12885.6 max 56888.0 median 11601.5 stddev 9255.0
Connection time [ms]: connect 8.0
Connection length [replies/conn]: 15.294

Request rate: 6425.4 req/s (0.2 ms/req)
Request size [B]: 74.0

Reply rate [replies/s]: min 0.0 avg 6168.4 max 10005.7 stddev 3495.2 (127 samples)
Reply time [ms]: response 835.4 transfer 2.5
Reply size [B]: header 132.0 content 102.0 footer 0.0 (total 234.0)
Reply status: 1xx=0 2xx=337261 3xx=0 4xx=0 5xx=55042

CPU time [s]: user 5.14 system 58.47 (user 8.1% system 91.8% total 99.9%)
Net I/O: 1878.2 KB/s (15.4*10^6 bps)

Errors: total 16778 client-timo 11 socket-timo 0 connrefused 0 connreset 16767
Errors: fd-unavail 0 addrunavail 0 ftab-full 0 other 0
Zero replies received, test invalid: rate 980
Use of uninitialized value in concatenation (.) or string at /usr/local/bin/autobench line 326.
Use of uninitialized value in concatenation (.) or string at /usr/local/bin/autobench line 326.
Use of uninitialized value in concatenation (.) or string at /usr/local/bin/autobench line 326.
Use of uninitialized value in concatenation (.) or string at /usr/local/bin/autobench line 326.
Use of uninitialized value in concatenation (.) or string at /usr/local/bin/autobench line 326.
Use of uninitialized value in concatenation (.) or string at /usr/local/bin/autobench line 326.
Use of uninitialized value in concatenation (.) or string at /usr/local/bin/autobench line 326.
Use of uninitialized value in concatenation (.) or string at /usr/local/bin/autobench line 326.
httperf --hog --timeout=30 --client=0/1 --server=js-node.herokuapp.com --port=80 --uri=/ --rate=1050 --send-buffer=4096 --recv-buffer=16384 --num-conns=31500 --num-calls=25
Maximum connect burst length: 33

Total: connections 31500 requests 541839 replies 523418 test-duration 42.473 s

Connection rate: 741.6 conn/s (1.3 ms/conn, <=8174 concurrent connections)
Connection time [ms]: min 198.8 avg 7369.3 max 26552.2 median 7384.5 stddev 4113.0
Connection time [ms]: connect 122.2
Connection length [replies/conn]: 17.161

Request rate: 12757.1 req/s (0.1 ms/req)
Request size [B]: 74.0

Reply rate [replies/s]: min 16.0 avg 12439.7 max 20769.9 stddev 5654.7 (84 samples)
Reply time [ms]: response 404.1 transfer 0.3
Reply size [B]: header 120.0 content 32.0 footer 0.0 (total 152.0)
Reply status: 1xx=0 2xx=260662 3xx=0 4xx=0 5xx=262756

CPU time [s]: user 3.09 system 39.34 (user 7.3% system 92.6% total 99.9%)
Net I/O: 2767.0 KB/s (22.7*10^6 bps)

Errors: total 18421 client-timo 0 socket-timo 0 connrefused 0 connreset 18421
Errors: fd-unavail 0 addrunavail 0 ftab-full 0 other 0
Zero replies received, test invalid: rate 1120
Use of uninitialized value in concatenation (.) or string at /usr/local/bin/autobench line 326.
Use of uninitialized value in concatenation (.) or string at /usr/local/bin/autobench line 326.
Use of uninitialized value in concatenation (.) or string at /usr/local/bin/autobench line 326.
Use of uninitialized value in concatenation (.) or string at /usr/local/bin/autobench line 326.
Use of uninitialized value in concatenation (.) or string at /usr/local/bin/autobench line 326.
Use of uninitialized value in concatenation (.) or string at /usr/local/bin/autobench line 326.
Use of uninitialized value in concatenation (.) or string at /usr/local/bin/autobench line 326.
Use of uninitialized value in concatenation (.) or string at /usr/local/bin/autobench line 326.
httperf --hog --timeout=30 --client=0/1 --server=js-node.herokuapp.com --port=80 --uri=/ --rate=1190 --send-buffer=4096 --recv-buffer=16384 --num-conns=35700 --num-calls=25
Maximum connect burst length: 8

Total: connections 35700 requests 334572 replies 302993 test-duration 40.736 s

Connection rate: 876.4 conn/s (1.1 ms/conn, <=4450 concurrent connections)
Connection time [ms]: min 30.3 avg 3129.4 max 33599.3 median 1849.5 stddev 3296.8
Connection time [ms]: connect 8.6
Connection length [replies/conn]: 9.596

Request rate: 8213.2 req/s (0.1 ms/req)
Request size [B]: 74.0

Reply rate [replies/s]: min 0.0 avg 7480.9 max 9573.4 stddev 2733.7 (81 samples)
Reply time [ms]: response 321.4 transfer 0.7
Reply size [B]: header 135.0 content 144.0 footer 0.0 (total 279.0)
Reply status: 1xx=0 2xx=238836 3xx=0 4xx=0 5xx=64157

CPU time [s]: user 3.15 system 37.56 (user 7.7% system 92.2% total 99.9%)
Net I/O: 2629.1 KB/s (21.5*10^6 bps)

Errors: total 31579 client-timo 0 socket-timo 0 connrefused 0 connreset 31579
Errors: fd-unavail 0 addrunavail 0 ftab-full 0 other 0
httperf --hog --timeout=30 --client=0/1 --server=js-node.herokuapp.com --port=80 --uri=/ --rate=1260 --send-buffer=4096 --recv-buffer=16384 --num-conns=37800 --num-calls=25
Maximum connect burst length: 10

Total: connections 37800 requests 387771 replies 356675 test-duration 49.837 s

Connection rate: 758.5 conn/s (1.3 ms/conn, <=7671 concurrent connections)
Connection time [ms]: min 19.4 avg 6224.8 max 37944.7 median 4608.5 stddev 5710.5
Connection time [ms]: connect 8.2
Connection length [replies/conn]: 10.629

Request rate: 7780.7 req/s (0.1 ms/req)
Request size [B]: 74.0

Reply rate [replies/s]: min 0.0 avg 7199.5 max 9717.8 stddev 3143.5 (99 samples)
Reply time [ms]: response 578.7 transfer 2.7
Reply size [B]: header 133.0 content 112.0 footer 0.0 (total 245.0)
Reply status: 1xx=0 2xx=300743 3xx=0 4xx=0 5xx=55932

CPU time [s]: user 4.32 system 45.47 (user 8.7% system 91.2% total 99.9%)
Net I/O: 2277.5 KB/s (18.7*10^6 bps)

Errors: total 31096 client-timo 1 socket-timo 0 connrefused 0 connreset 31095
Errors: fd-unavail 0 addrunavail 0 ftab-full 0 other 0
httperf --hog --timeout=30 --client=0/1 --server=js-node.herokuapp.com --port=80 --uri=/ --rate=1330 --send-buffer=4096 --recv-buffer=16384 --num-conns=39900 --num-calls=25
Maximum connect burst length: 12

Total: connections 39900 requests 376511 replies 342588 test-duration 53.648 s

Connection rate: 743.7 conn/s (1.3 ms/conn, <=7676 concurrent connections)
Connection time [ms]: min 21.2 avg 6053.2 max 50337.1 median 4100.5 stddev 5766.7
Connection time [ms]: connect 9.8
Connection length [replies/conn]: 9.766

Request rate: 7018.2 req/s (0.1 ms/req)
Request size [B]: 74.0

Reply rate [replies/s]: min 0.0 avg 6399.1 max 9636.3 stddev 3380.7 (107 samples)
Reply time [ms]: response 602.0 transfer 5.0
Reply size [B]: header 133.0 content 113.0 footer 0.0 (total 246.0)
Reply status: 1xx=0 2xx=288029 3xx=0 4xx=0 5xx=54559

CPU time [s]: user 3.68 system 49.87 (user 6.9% system 93.0% total 99.8%)
Net I/O: 2047.3 KB/s (16.8*10^6 bps)

Errors: total 33923 client-timo 48 socket-timo 0 connrefused 0 connreset 33875
Errors: fd-unavail 0 addrunavail 0 ftab-full 0 other 0
Zero replies received, test invalid: rate 1400
Use of uninitialized value in concatenation (.) or string at /usr/local/bin/autobench line 326.
Use of uninitialized value in concatenation (.) or string at /usr/local/bin/autobench line 326.
Use of uninitialized value in concatenation (.) or string at /usr/local/bin/autobench line 326.
Use of uninitialized value in concatenation (.) or string at /usr/local/bin/autobench line 326.
Use of uninitialized value in concatenation (.) or string at /usr/local/bin/autobench line 326.
Use of uninitialized value in concatenation (.) or string at /usr/local/bin/autobench line 326.
Use of uninitialized value in concatenation (.) or string at /usr/local/bin/autobench line 326.
Use of uninitialized value in concatenation (.) or string at /usr/local/bin/autobench line 326.
Zero replies received, test invalid: rate 1470
Use of uninitialized value in concatenation (.) or string at /usr/local/bin/autobench line 326.
Use of uninitialized value in concatenation (.) or string at /usr/local/bin/autobench line 326.
Use of uninitialized value in concatenation (.) or string at /usr/local/bin/autobench line 326.
Use of uninitialized value in concatenation (.) or string at /usr/local/bin/autobench line 326.
Use of uninitialized value in concatenation (.) or string at /usr/local/bin/autobench line 326.
Use of uninitialized value in concatenation (.) or string at /usr/local/bin/autobench line 326.
Use of uninitialized value in concatenation (.) or string at /usr/local/bin/autobench line 326.
Use of uninitialized value in concatenation (.) or string at /usr/local/bin/autobench line 326.
Zero replies received, test invalid: rate 1540
Use of uninitialized value in concatenation (.) or string at /usr/local/bin/autobench line 326.
Use of uninitialized value in concatenation (.) or string at /usr/local/bin/autobench line 326.
Use of uninitialized value in concatenation (.) or string at /usr/local/bin/autobench line 326.
Use of uninitialized value in concatenation (.) or string at /usr/local/bin/autobench line 326.
Use of uninitialized value in concatenation (.) or string at /usr/local/bin/autobench line 326.
Use of uninitialized value in concatenation (.) or string at /usr/local/bin/autobench line 326.
Use of uninitialized value in concatenation (.) or string at /usr/local/bin/autobench line 326.
Use of uninitialized value in concatenation (.) or string at /usr/local/bin/autobench line 326.
Zero replies received, test invalid: rate 1610
Use of uninitialized value in concatenation (.) or string at /usr/local/bin/autobench line 326.
Use of uninitialized value in concatenation (.) or string at /usr/local/bin/autobench line 326.
Use of uninitialized value in concatenation (.) or string at /usr/local/bin/autobench line 326.
Use of uninitialized value in concatenation (.) or string at /usr/local/bin/autobench line 326.
Use of uninitialized value in concatenation (.) or string at /usr/local/bin/autobench line 326.
Use of uninitialized value in concatenation (.) or string at /usr/local/bin/autobench line 326.
Use of uninitialized value in concatenation (.) or string at /usr/local/bin/autobench line 326.
Use of uninitialized value in concatenation (.) or string at /usr/local/bin/autobench line 326.
Zero replies received, test invalid: rate 1680
Use of uninitialized value in concatenation (.) or string at /usr/local/bin/autobench line 326.
Use of uninitialized value in concatenation (.) or string at /usr/local/bin/autobench line 326.
Use of uninitialized value in concatenation (.) or string at /usr/local/bin/autobench line 326.
Use of uninitialized value in concatenation (.) or string at /usr/local/bin/autobench line 326.
Use of uninitialized value in concatenation (.) or string at /usr/local/bin/autobench line 326.
Use of uninitialized value in concatenation (.) or string at /usr/local/bin/autobench line 326.
Use of uninitialized value in concatenation (.) or string at /usr/local/bin/autobench line 326.
Use of uninitialized value in concatenation (.) or string at /usr/local/bin/autobench line 326.
