httperf --hog --timeout=30 --client=0/1 --server=scala-finagle.herokuapp.com --port=80 --uri=/ --rate=140 --send-buffer=4096 --recv-buffer=16384 --num-conns=4200 --num-calls=25
Maximum connect burst length: 1

Total: connections 4200 requests 104986 replies 104985 test-duration 30.178 s

Connection rate: 139.2 conn/s (7.2 ms/conn, <=846 concurrent connections)
Connection time [ms]: min 137.5 avg 3258.1 max 27883.7 median 746.5 stddev 4233.3
Connection time [ms]: connect 1.4
Connection length [replies/conn]: 24.996

Request rate: 3478.9 req/s (0.3 ms/req)
Request size [B]: 80.0

Reply rate [replies/s]: min 0.0 avg 3486.7 max 5976.8 stddev 1464.8 (60 samples)
Reply time [ms]: response 129.4 transfer 0.8
Reply size [B]: header 69.0 content 18.0 footer 1.0 (total 88.0)
Reply status: 1xx=0 2xx=104985 3xx=0 4xx=0 5xx=0

CPU time [s]: user 2.72 system 27.41 (user 9.0% system 90.8% total 99.8%)
Net I/O: 569.7 KB/s (4.7*10^6 bps)

Errors: total 1 client-timo 0 socket-timo 0 connrefused 0 connreset 1
Errors: fd-unavail 0 addrunavail 0 ftab-full 0 other 0
httperf --hog --timeout=30 --client=0/1 --server=scala-finagle.herokuapp.com --port=80 --uri=/ --rate=210 --send-buffer=4096 --recv-buffer=16384 --num-conns=6300 --num-calls=25
Maximum connect burst length: 1

Total: connections 6300 requests 157500 replies 157500 test-duration 32.300 s

Connection rate: 195.0 conn/s (5.1 ms/conn, <=145 concurrent connections)
Connection time [ms]: min 123.5 avg 282.9 max 6389.6 median 225.5 stddev 399.7
Connection time [ms]: connect 1.5
Connection length [replies/conn]: 25.000

Request rate: 4876.2 req/s (0.2 ms/req)
Request size [B]: 80.0

Reply rate [replies/s]: min 0.0 avg 4921.8 max 7022.6 stddev 1289.8 (64 samples)
Reply time [ms]: response 10.9 transfer 0.3
Reply size [B]: header 69.0 content 18.0 footer 1.0 (total 88.0)
Reply status: 1xx=0 2xx=157500 3xx=0 4xx=0 5xx=0

CPU time [s]: user 7.42 system 24.84 (user 23.0% system 76.9% total 99.9%)
Net I/O: 797.9 KB/s (6.5*10^6 bps)

Errors: total 0 client-timo 0 socket-timo 0 connrefused 0 connreset 0
Errors: fd-unavail 0 addrunavail 0 ftab-full 0 other 0
httperf --hog --timeout=30 --client=0/1 --server=scala-finagle.herokuapp.com --port=80 --uri=/ --rate=280 --send-buffer=4096 --recv-buffer=16384 --num-conns=8400 --num-calls=25
Maximum connect burst length: 1

Total: connections 8400 requests 210000 replies 210000 test-duration 33.195 s

Connection rate: 253.1 conn/s (4.0 ms/conn, <=434 concurrent connections)
Connection time [ms]: min 178.6 avg 792.1 max 12595.4 median 409.5 stddev 1143.5
Connection time [ms]: connect 1.6
Connection length [replies/conn]: 25.000

Request rate: 6326.3 req/s (0.2 ms/req)
Request size [B]: 80.0

Reply rate [replies/s]: min 0.0 avg 6359.9 max 9128.5 stddev 2080.9 (66 samples)
Reply time [ms]: response 30.5 transfer 1.1
Reply size [B]: header 68.0 content 18.0 footer 1.0 (total 87.0)
Reply status: 1xx=0 2xx=210000 3xx=0 4xx=0 5xx=0

CPU time [s]: user 4.30 system 28.87 (user 13.0% system 87.0% total 99.9%)
Net I/O: 1029.9 KB/s (8.4*10^6 bps)

Errors: total 0 client-timo 0 socket-timo 0 connrefused 0 connreset 0
Errors: fd-unavail 0 addrunavail 0 ftab-full 0 other 0
httperf --hog --timeout=30 --client=0/1 --server=scala-finagle.herokuapp.com --port=80 --uri=/ --rate=350 --send-buffer=4096 --recv-buffer=16384 --num-conns=10500 --num-calls=25
Maximum connect burst length: 5

Total: connections 10500 requests 262476 replies 262475 test-duration 45.441 s

Connection rate: 231.1 conn/s (4.3 ms/conn, <=1884 concurrent connections)
Connection time [ms]: min 176.5 avg 3939.2 max 31512.2 median 3318.5 stddev 4405.2
Connection time [ms]: connect 1.8
Connection length [replies/conn]: 25.000

Request rate: 5776.2 req/s (0.2 ms/req)
Request size [B]: 80.0

Reply rate [replies/s]: min 0.0 avg 5832.9 max 11080.6 stddev 3505.5 (90 samples)
Reply time [ms]: response 154.8 transfer 2.7
Reply size [B]: header 68.0 content 18.0 footer 1.0 (total 87.0)
Reply status: 1xx=0 2xx=262472 3xx=0 4xx=0 5xx=3

CPU time [s]: user 3.47 system 41.93 (user 7.6% system 92.3% total 99.9%)
Net I/O: 940.1 KB/s (7.7*10^6 bps)

Errors: total 1 client-timo 0 socket-timo 0 connrefused 0 connreset 1
Errors: fd-unavail 0 addrunavail 0 ftab-full 0 other 0
httperf --hog --timeout=30 --client=0/1 --server=scala-finagle.herokuapp.com --port=80 --uri=/ --rate=420 --send-buffer=4096 --recv-buffer=16384 --num-conns=12600 --num-calls=25
Maximum connect burst length: 2

Total: connections 12600 requests 302797 replies 301890 test-duration 52.324 s

Connection rate: 240.8 conn/s (4.2 ms/conn, <=6672 concurrent connections)
Connection time [ms]: min 23.7 avg 13428.4 max 43722.1 median 13076.5 stddev 7003.7
Connection time [ms]: connect 4.3
Connection length [replies/conn]: 24.047

Request rate: 5786.9 req/s (0.2 ms/req)
Request size [B]: 80.0

Reply rate [replies/s]: min 0.0 avg 5802.5 max 9700.7 stddev 3312.1 (104 samples)
Reply time [ms]: response 531.9 transfer 26.2
Reply size [B]: header 68.0 content 23.0 footer 1.0 (total 92.0)
Reply status: 1xx=0 2xx=299299 3xx=0 4xx=0 5xx=2591

CPU time [s]: user 3.40 system 48.88 (user 6.5% system 93.4% total 99.9%)
Net I/O: 966.0 KB/s (7.9*10^6 bps)

Errors: total 907 client-timo 0 socket-timo 0 connrefused 0 connreset 907
Errors: fd-unavail 0 addrunavail 0 ftab-full 0 other 0
httperf --hog --timeout=30 --client=0/1 --server=scala-finagle.herokuapp.com --port=80 --uri=/ --rate=490 --send-buffer=4096 --recv-buffer=16384 --num-conns=14700 --num-calls=25
Maximum connect burst length: 15

Total: connections 14700 requests 301895 replies 296937 test-duration 42.363 s

Connection rate: 347.0 conn/s (2.9 ms/conn, <=5969 concurrent connections)
Connection time [ms]: min 32.1 avg 8818.8 max 36859.7 median 7876.5 stddev 5583.7
Connection time [ms]: connect 2.7
Connection length [replies/conn]: 20.487

Request rate: 7126.5 req/s (0.1 ms/req)
Request size [B]: 80.0

Reply rate [replies/s]: min 0.0 avg 7067.5 max 11937.2 stddev 4019.1 (84 samples)
Reply time [ms]: response 400.2 transfer 29.4
Reply size [B]: header 69.0 content 32.0 footer 1.0 (total 102.0)
Reply status: 1xx=0 2xx=289382 3xx=0 4xx=0 5xx=7555

CPU time [s]: user 2.91 system 39.42 (user 6.9% system 93.0% total 99.9%)
Net I/O: 1261.6 KB/s (10.3*10^6 bps)

Errors: total 4958 client-timo 1 socket-timo 0 connrefused 0 connreset 4957
Errors: fd-unavail 0 addrunavail 0 ftab-full 0 other 0
httperf --hog --timeout=30 --client=0/1 --server=scala-finagle.herokuapp.com --port=80 --uri=/ --rate=560 --send-buffer=4096 --recv-buffer=16384 --num-conns=16800 --num-calls=25
Maximum connect burst length: 10

Total: connections 16800 requests 338591 replies 332328 test-duration 47.679 s

Connection rate: 352.4 conn/s (2.8 ms/conn, <=7718 concurrent connections)
Connection time [ms]: min 16.0 avg 12810.2 max 45859.4 median 12017.5 stddev 7734.8
Connection time [ms]: connect 4.4
Connection length [replies/conn]: 20.091

Request rate: 7101.4 req/s (0.1 ms/req)
Request size [B]: 80.0

Reply rate [replies/s]: min 44.0 avg 6989.1 max 11727.2 stddev 4283.1 (95 samples)
Reply time [ms]: response 619.6 transfer 16.4
Reply size [B]: header 107.0 content 240.0 footer 0.0 (total 347.0)
Reply status: 1xx=0 2xx=206950 3xx=0 4xx=0 5xx=125378

CPU time [s]: user 2.69 system 44.94 (user 5.6% system 94.3% total 99.9%)
Net I/O: 2921.0 KB/s (23.9*10^6 bps)

Errors: total 6263 client-timo 19 socket-timo 0 connrefused 0 connreset 6244
Errors: fd-unavail 0 addrunavail 0 ftab-full 0 other 0
httperf --hog --timeout=30 --client=0/1 --server=scala-finagle.herokuapp.com --port=80 --uri=/ --rate=630 --send-buffer=4096 --recv-buffer=16384 --num-conns=18900 --num-calls=25
Maximum connect burst length: 6

Total: connections 18900 requests 412055 replies 407640 test-duration 50.636 s

Connection rate: 373.2 conn/s (2.7 ms/conn, <=9069 concurrent connections)
Connection time [ms]: min 20.6 avg 12560.3 max 47856.4 median 11891.5 stddev 7124.3
Connection time [ms]: connect 46.7
Connection length [replies/conn]: 21.900

Request rate: 8137.5 req/s (0.1 ms/req)
Request size [B]: 80.0

Reply rate [replies/s]: min 0.0 avg 8065.1 max 20547.5 stddev 5017.4 (101 samples)
Reply time [ms]: response 552.6 transfer 13.0
Reply size [B]: header 75.0 content 25.0 footer 0.0 (total 100.0)
Reply status: 1xx=0 2xx=328560 3xx=0 4xx=0 5xx=79080

CPU time [s]: user 3.43 system 47.17 (user 6.8% system 93.2% total 99.9%)
Net I/O: 1434.0 KB/s (11.7*10^6 bps)

Errors: total 4415 client-timo 58 socket-timo 0 connrefused 0 connreset 4357
Errors: fd-unavail 0 addrunavail 0 ftab-full 0 other 0
httperf --hog --timeout=30 --client=0/1 --server=scala-finagle.herokuapp.com --port=80 --uri=/ --rate=700 --send-buffer=4096 --recv-buffer=16384 --num-conns=21000 --num-calls=25
Maximum connect burst length: 10

Total: connections 21000 requests 524176 replies 524113 test-duration 47.504 s

Connection rate: 442.1 conn/s (2.3 ms/conn, <=7373 concurrent connections)
Connection time [ms]: min 100.5 avg 8932.8 max 30603.8 median 8611.5 stddev 3733.1
Connection time [ms]: connect 87.4
Connection length [replies/conn]: 24.964

Request rate: 11034.4 req/s (0.1 ms/req)
Request size [B]: 80.0

Reply rate [replies/s]: min 0.0 avg 11145.9 max 21294.1 stddev 6829.0 (94 samples)
Reply time [ms]: response 350.3 transfer 4.0
Reply size [B]: header 81.0 content 11.0 footer 0.0 (total 92.0)
Reply status: 1xx=0 2xx=331999 3xx=0 4xx=0 5xx=192114

CPU time [s]: user 5.61 system 41.84 (user 11.8% system 88.1% total 99.9%)
Net I/O: 1866.7 KB/s (15.3*10^6 bps)

Errors: total 63 client-timo 0 socket-timo 0 connrefused 0 connreset 63
Errors: fd-unavail 0 addrunavail 0 ftab-full 0 other 0
httperf --hog --timeout=30 --client=0/1 --server=scala-finagle.herokuapp.com --port=80 --uri=/ --rate=770 --send-buffer=4096 --recv-buffer=16384 --num-conns=23100 --num-calls=25
Maximum connect burst length: 6

Total: connections 23100 requests 366611 replies 353269 test-duration 55.029 s

Connection rate: 419.8 conn/s (2.4 ms/conn, <=9224 concurrent connections)
Connection time [ms]: min 16.3 avg 11723.8 max 52024.6 median 10241.5 stddev 9425.1
Connection time [ms]: connect 6.4
Connection length [replies/conn]: 16.140

Request rate: 6662.2 req/s (0.2 ms/req)
Request size [B]: 80.0

Reply rate [replies/s]: min 46.0 avg 6476.1 max 11435.5 stddev 3019.2 (109 samples)
Reply time [ms]: response 701.3 transfer 22.7
Reply size [B]: header 97.0 content 179.0 footer 0.0 (total 276.0)
Reply status: 1xx=0 2xx=253725 3xx=0 4xx=0 5xx=99544

CPU time [s]: user 3.04 system 51.94 (user 5.5% system 94.4% total 99.9%)
Net I/O: 2258.2 KB/s (18.5*10^6 bps)

Errors: total 13342 client-timo 0 socket-timo 0 connrefused 0 connreset 13342
Errors: fd-unavail 0 addrunavail 0 ftab-full 0 other 0
httperf --hog --timeout=30 --client=0/1 --server=scala-finagle.herokuapp.com --port=80 --uri=/ --rate=840 --send-buffer=4096 --recv-buffer=16384 --num-conns=25200 --num-calls=25
Maximum connect burst length: 14

Total: connections 25200 requests 390375 replies 374945 test-duration 51.192 s

Connection rate: 492.3 conn/s (2.0 ms/conn, <=8491 concurrent connections)
Connection time [ms]: min 10.1 avg 9171.2 max 43888.1 median 7750.5 stddev 7456.9
Connection time [ms]: connect 5.1
Connection length [replies/conn]: 15.714

Request rate: 7625.7 req/s (0.1 ms/req)
Request size [B]: 80.0

Reply rate [replies/s]: min 0.0 avg 7346.0 max 11662.8 stddev 3511.2 (102 samples)
Reply time [ms]: response 553.8 transfer 26.1
Reply size [B]: header 79.0 content 80.0 footer 1.0 (total 160.0)
Reply status: 1xx=0 2xx=335431 3xx=0 4xx=0 5xx=39514

CPU time [s]: user 3.33 system 47.83 (user 6.5% system 93.4% total 99.9%)
Net I/O: 1734.2 KB/s (14.2*10^6 bps)

Errors: total 15430 client-timo 3 socket-timo 0 connrefused 0 connreset 15427
Errors: fd-unavail 0 addrunavail 0 ftab-full 0 other 0
Zero replies received, test invalid: rate 910
Use of uninitialized value in concatenation (.) or string at /usr/local/bin/autobench line 326.
Use of uninitialized value in concatenation (.) or string at /usr/local/bin/autobench line 326.
Use of uninitialized value in concatenation (.) or string at /usr/local/bin/autobench line 326.
Use of uninitialized value in concatenation (.) or string at /usr/local/bin/autobench line 326.
Use of uninitialized value in concatenation (.) or string at /usr/local/bin/autobench line 326.
Use of uninitialized value in concatenation (.) or string at /usr/local/bin/autobench line 326.
Use of uninitialized value in concatenation (.) or string at /usr/local/bin/autobench line 326.
Use of uninitialized value in concatenation (.) or string at /usr/local/bin/autobench line 326.
httperf --hog --timeout=30 --client=0/1 --server=scala-finagle.herokuapp.com --port=80 --uri=/ --rate=980 --send-buffer=4096 --recv-buffer=16384 --num-conns=29400 --num-calls=25
Maximum connect burst length: 38

Total: connections 29400 requests 459278 replies 441256 test-duration 55.529 s

Connection rate: 529.4 conn/s (1.9 ms/conn, <=16606 concurrent connections)
Connection time [ms]: min 86.1 avg 12469.9 max 50948.1 median 11295.5 stddev 8731.8
Connection time [ms]: connect 689.8
Connection length [replies/conn]: 15.945

Request rate: 8270.9 req/s (0.1 ms/req)
Request size [B]: 80.0

Reply rate [replies/s]: min 0.0 avg 8012.9 max 17623.5 stddev 5485.7 (110 samples)
Reply time [ms]: response 702.0 transfer 15.2
Reply size [B]: header 84.0 content 40.0 footer 0.0 (total 124.0)
Reply status: 1xx=0 2xx=285340 3xx=0 4xx=0 5xx=155916

CPU time [s]: user 3.61 system 51.87 (user 6.5% system 93.4% total 99.9%)
Net I/O: 1619.8 KB/s (13.3*10^6 bps)

Errors: total 18022 client-timo 31 socket-timo 0 connrefused 0 connreset 17991
Errors: fd-unavail 0 addrunavail 0 ftab-full 0 other 0
Zero replies received, test invalid: rate 1050
Use of uninitialized value in concatenation (.) or string at /usr/local/bin/autobench line 326.
Use of uninitialized value in concatenation (.) or string at /usr/local/bin/autobench line 326.
Use of uninitialized value in concatenation (.) or string at /usr/local/bin/autobench line 326.
Use of uninitialized value in concatenation (.) or string at /usr/local/bin/autobench line 326.
Use of uninitialized value in concatenation (.) or string at /usr/local/bin/autobench line 326.
Use of uninitialized value in concatenation (.) or string at /usr/local/bin/autobench line 326.
Use of uninitialized value in concatenation (.) or string at /usr/local/bin/autobench line 326.
Use of uninitialized value in concatenation (.) or string at /usr/local/bin/autobench line 326.
Zero replies received, test invalid: rate 1120
Use of uninitialized value in concatenation (.) or string at /usr/local/bin/autobench line 326.
Use of uninitialized value in concatenation (.) or string at /usr/local/bin/autobench line 326.
Use of uninitialized value in concatenation (.) or string at /usr/local/bin/autobench line 326.
Use of uninitialized value in concatenation (.) or string at /usr/local/bin/autobench line 326.
Use of uninitialized value in concatenation (.) or string at /usr/local/bin/autobench line 326.
Use of uninitialized value in concatenation (.) or string at /usr/local/bin/autobench line 326.
Use of uninitialized value in concatenation (.) or string at /usr/local/bin/autobench line 326.
Use of uninitialized value in concatenation (.) or string at /usr/local/bin/autobench line 326.
Zero replies received, test invalid: rate 1190
Use of uninitialized value in concatenation (.) or string at /usr/local/bin/autobench line 326.
Use of uninitialized value in concatenation (.) or string at /usr/local/bin/autobench line 326.
Use of uninitialized value in concatenation (.) or string at /usr/local/bin/autobench line 326.
Use of uninitialized value in concatenation (.) or string at /usr/local/bin/autobench line 326.
Use of uninitialized value in concatenation (.) or string at /usr/local/bin/autobench line 326.
Use of uninitialized value in concatenation (.) or string at /usr/local/bin/autobench line 326.
Use of uninitialized value in concatenation (.) or string at /usr/local/bin/autobench line 326.
Use of uninitialized value in concatenation (.) or string at /usr/local/bin/autobench line 326.
Zero replies received, test invalid: rate 1260
Use of uninitialized value in concatenation (.) or string at /usr/local/bin/autobench line 326.
Use of uninitialized value in concatenation (.) or string at /usr/local/bin/autobench line 326.
Use of uninitialized value in concatenation (.) or string at /usr/local/bin/autobench line 326.
Use of uninitialized value in concatenation (.) or string at /usr/local/bin/autobench line 326.
Use of uninitialized value in concatenation (.) or string at /usr/local/bin/autobench line 326.
Use of uninitialized value in concatenation (.) or string at /usr/local/bin/autobench line 326.
Use of uninitialized value in concatenation (.) or string at /usr/local/bin/autobench line 326.
Use of uninitialized value in concatenation (.) or string at /usr/local/bin/autobench line 326.
Zero replies received, test invalid: rate 1330
Use of uninitialized value in concatenation (.) or string at /usr/local/bin/autobench line 326.
Use of uninitialized value in concatenation (.) or string at /usr/local/bin/autobench line 326.
Use of uninitialized value in concatenation (.) or string at /usr/local/bin/autobench line 326.
Use of uninitialized value in concatenation (.) or string at /usr/local/bin/autobench line 326.
Use of uninitialized value in concatenation (.) or string at /usr/local/bin/autobench line 326.
Use of uninitialized value in concatenation (.) or string at /usr/local/bin/autobench line 326.
Use of uninitialized value in concatenation (.) or string at /usr/local/bin/autobench line 326.
Use of uninitialized value in concatenation (.) or string at /usr/local/bin/autobench line 326.
Zero replies received, test invalid: rate 1400
Use of uninitialized value in concatenation (.) or string at /usr/local/bin/autobench line 326.
Use of uninitialized value in concatenation (.) or string at /usr/local/bin/autobench line 326.
Use of uninitialized value in concatenation (.) or string at /usr/local/bin/autobench line 326.
Use of uninitialized value in concatenation (.) or string at /usr/local/bin/autobench line 326.
Use of uninitialized value in concatenation (.) or string at /usr/local/bin/autobench line 326.
Use of uninitialized value in concatenation (.) or string at /usr/local/bin/autobench line 326.
Use of uninitialized value in concatenation (.) or string at /usr/local/bin/autobench line 326.
Use of uninitialized value in concatenation (.) or string at /usr/local/bin/autobench line 326.
httperf --hog --timeout=30 --client=0/1 --server=scala-finagle.herokuapp.com --port=80 --uri=/ --rate=1470 --send-buffer=4096 --recv-buffer=16384 --num-conns=44100 --num-calls=25
Maximum connect burst length: 103

Total: connections 44100 requests 564929 replies 531299 test-duration 50.763 s

Connection rate: 868.7 conn/s (1.2 ms/conn, <=17682 concurrent connections)
Connection time [ms]: min 48.3 avg 10650.3 max 46176.1 median 8984.5 stddev 7950.2
Connection time [ms]: connect 701.4
Connection length [replies/conn]: 12.996

Request rate: 11128.7 req/s (0.1 ms/req)
Request size [B]: 80.0

Reply rate [replies/s]: min 196.0 avg 10501.8 max 18103.0 stddev 4436.4 (101 samples)
Reply time [ms]: response 695.2 transfer 33.2
Reply size [B]: header 91.0 content 53.0 footer 0.0 (total 144.0)
Reply status: 1xx=0 2xx=292094 3xx=0 4xx=0 5xx=239205

CPU time [s]: user 3.60 system 47.11 (user 7.1% system 92.8% total 99.9%)
Net I/O: 2345.6 KB/s (19.2*10^6 bps)

Errors: total 33630 client-timo 34 socket-timo 0 connrefused 0 connreset 33596
Errors: fd-unavail 0 addrunavail 0 ftab-full 0 other 0
Zero replies received, test invalid: rate 1540
Use of uninitialized value in concatenation (.) or string at /usr/local/bin/autobench line 326.
Use of uninitialized value in concatenation (.) or string at /usr/local/bin/autobench line 326.
Use of uninitialized value in concatenation (.) or string at /usr/local/bin/autobench line 326.
Use of uninitialized value in concatenation (.) or string at /usr/local/bin/autobench line 326.
Use of uninitialized value in concatenation (.) or string at /usr/local/bin/autobench line 326.
Use of uninitialized value in concatenation (.) or string at /usr/local/bin/autobench line 326.
Use of uninitialized value in concatenation (.) or string at /usr/local/bin/autobench line 326.
Use of uninitialized value in concatenation (.) or string at /usr/local/bin/autobench line 326.
Zero replies received, test invalid: rate 1610
Use of uninitialized value in concatenation (.) or string at /usr/local/bin/autobench line 326.
Use of uninitialized value in concatenation (.) or string at /usr/local/bin/autobench line 326.
Use of uninitialized value in concatenation (.) or string at /usr/local/bin/autobench line 326.
Use of uninitialized value in concatenation (.) or string at /usr/local/bin/autobench line 326.
Use of uninitialized value in concatenation (.) or string at /usr/local/bin/autobench line 326.
Use of uninitialized value in concatenation (.) or string at /usr/local/bin/autobench line 326.
Use of uninitialized value in concatenation (.) or string at /usr/local/bin/autobench line 326.
Use of uninitialized value in concatenation (.) or string at /usr/local/bin/autobench line 326.
Zero replies received, test invalid: rate 1680
Use of uninitialized value in concatenation (.) or string at /usr/local/bin/autobench line 326.
Use of uninitialized value in concatenation (.) or string at /usr/local/bin/autobench line 326.
Use of uninitialized value in concatenation (.) or string at /usr/local/bin/autobench line 326.
Use of uninitialized value in concatenation (.) or string at /usr/local/bin/autobench line 326.
Use of uninitialized value in concatenation (.) or string at /usr/local/bin/autobench line 326.
Use of uninitialized value in concatenation (.) or string at /usr/local/bin/autobench line 326.
Use of uninitialized value in concatenation (.) or string at /usr/local/bin/autobench line 326.
Use of uninitialized value in concatenation (.) or string at /usr/local/bin/autobench line 326.
