httperf --hog --timeout=30 --client=0/1 --server=java-jetty.herokuapp.com --port=80 --uri=/ --rate=20 --send-buffer=4096 --recv-buffer=16384 --num-conns=600 --num-calls=25
Maximum connect burst length: 1

Total: connections 600 requests 15000 replies 15000 test-duration 30.512 s

Connection rate: 19.7 conn/s (50.9 ms/conn, <=213 concurrent connections)
Connection time [ms]: min 401.9 avg 5127.5 max 17548.7 median 4514.5 stddev 4329.4
Connection time [ms]: connect 1.3
Connection length [replies/conn]: 25.000

Request rate: 491.6 req/s (2.0 ms/req)
Request size [B]: 77.0

Reply rate [replies/s]: min 0.0 avg 491.8 max 1160.1 stddev 269.9 (61 samples)
Reply time [ms]: response 205.0 transfer 0.0
Reply size [B]: header 188.0 content 48.0 footer 0.0 (total 236.0)
Reply status: 1xx=0 2xx=15000 3xx=0 4xx=0 5xx=0

CPU time [s]: user 6.08 system 24.37 (user 19.9% system 79.9% total 99.8%)
Net I/O: 150.3 KB/s (1.2*10^6 bps)

Errors: total 0 client-timo 0 socket-timo 0 connrefused 0 connreset 0
Errors: fd-unavail 0 addrunavail 0 ftab-full 0 other 0
httperf --hog --timeout=30 --client=0/1 --server=java-jetty.herokuapp.com --port=80 --uri=/ --rate=30 --send-buffer=4096 --recv-buffer=16384 --num-conns=900 --num-calls=25
Maximum connect burst length: 1

Total: connections 900 requests 22500 replies 22500 test-duration 33.336 s

Connection rate: 27.0 conn/s (37.0 ms/conn, <=38 concurrent connections)
Connection time [ms]: min 158.9 avg 489.2 max 3823.5 median 412.5 stddev 363.6
Connection time [ms]: connect 1.4
Connection length [replies/conn]: 25.000

Request rate: 675.0 req/s (1.5 ms/req)
Request size [B]: 77.0

Reply rate [replies/s]: min 0.0 avg 681.8 max 1122.1 stddev 241.2 (66 samples)
Reply time [ms]: response 19.5 transfer 0.0
Reply size [B]: header 188.0 content 48.0 footer 0.0 (total 236.0)
Reply status: 1xx=0 2xx=22500 3xx=0 4xx=0 5xx=0

CPU time [s]: user 12.64 system 20.65 (user 37.9% system 62.0% total 99.9%)
Net I/O: 206.3 KB/s (1.7*10^6 bps)

Errors: total 0 client-timo 0 socket-timo 0 connrefused 0 connreset 0
Errors: fd-unavail 0 addrunavail 0 ftab-full 0 other 0
httperf --hog --timeout=30 --client=0/1 --server=java-jetty.herokuapp.com --port=80 --uri=/ --rate=40 --send-buffer=4096 --recv-buffer=16384 --num-conns=1200 --num-calls=25
Maximum connect burst length: 1

Total: connections 1200 requests 30000 replies 30000 test-duration 34.852 s

Connection rate: 34.4 conn/s (29.0 ms/conn, <=56 concurrent connections)
Connection time [ms]: min 226.6 avg 601.6 max 5277.3 median 495.5 stddev 510.0
Connection time [ms]: connect 1.3
Connection length [replies/conn]: 25.000

Request rate: 860.8 req/s (1.2 ms/req)
Request size [B]: 77.0

Reply rate [replies/s]: min 0.0 avg 868.8 max 1378.1 stddev 349.2 (69 samples)
Reply time [ms]: response 24.0 transfer 0.0
Reply size [B]: header 188.0 content 48.0 footer 0.0 (total 236.0)
Reply status: 1xx=0 2xx=30000 3xx=0 4xx=0 5xx=0

CPU time [s]: user 11.78 system 23.05 (user 33.8% system 66.1% total 99.9%)
Net I/O: 263.1 KB/s (2.2*10^6 bps)

Errors: total 0 client-timo 0 socket-timo 0 connrefused 0 connreset 0
Errors: fd-unavail 0 addrunavail 0 ftab-full 0 other 0
httperf --hog --timeout=30 --client=0/1 --server=java-jetty.herokuapp.com --port=80 --uri=/ --rate=50 --send-buffer=4096 --recv-buffer=16384 --num-conns=1500 --num-calls=25
Maximum connect burst length: 1

Total: connections 1500 requests 37500 replies 37500 test-duration 32.311 s

Connection rate: 46.4 conn/s (21.5 ms/conn, <=60 concurrent connections)
Connection time [ms]: min 152.4 avg 574.1 max 6388.4 median 442.5 stddev 504.0
Connection time [ms]: connect 1.4
Connection length [replies/conn]: 25.000

Request rate: 1160.6 req/s (0.9 ms/req)
Request size [B]: 77.0

Reply rate [replies/s]: min 26.0 avg 1171.9 max 1698.1 stddev 328.6 (64 samples)
Reply time [ms]: response 22.9 transfer 0.0
Reply size [B]: header 188.0 content 48.0 footer 0.0 (total 236.0)
Reply status: 1xx=0 2xx=37500 3xx=0 4xx=0 5xx=0

CPU time [s]: user 10.21 system 22.08 (user 31.6% system 68.3% total 99.9%)
Net I/O: 354.7 KB/s (2.9*10^6 bps)

Errors: total 0 client-timo 0 socket-timo 0 connrefused 0 connreset 0
Errors: fd-unavail 0 addrunavail 0 ftab-full 0 other 0
httperf --hog --timeout=30 --client=0/1 --server=java-jetty.herokuapp.com --port=80 --uri=/ --rate=60 --send-buffer=4096 --recv-buffer=16384 --num-conns=1800 --num-calls=25
Maximum connect burst length: 1

Total: connections 1800 requests 45000 replies 45000 test-duration 33.614 s

Connection rate: 53.5 conn/s (18.7 ms/conn, <=218 concurrent connections)
Connection time [ms]: min 169.9 avg 1300.7 max 9051.0 median 761.5 stddev 1525.3
Connection time [ms]: connect 2.3
Connection length [replies/conn]: 25.000

Request rate: 1338.7 req/s (0.7 ms/req)
Request size [B]: 77.0

Reply rate [replies/s]: min 0.0 avg 1340.9 max 2590.2 stddev 503.6 (67 samples)
Reply time [ms]: response 51.9 transfer 0.0
Reply size [B]: header 188.0 content 48.0 footer 0.0 (total 236.0)
Reply status: 1xx=0 2xx=45000 3xx=0 4xx=0 5xx=0

CPU time [s]: user 7.48 system 26.11 (user 22.3% system 77.7% total 99.9%)
Net I/O: 409.2 KB/s (3.4*10^6 bps)

Errors: total 0 client-timo 0 socket-timo 0 connrefused 0 connreset 0
Errors: fd-unavail 0 addrunavail 0 ftab-full 0 other 0
httperf --hog --timeout=30 --client=0/1 --server=java-jetty.herokuapp.com --port=80 --uri=/ --rate=70 --send-buffer=4096 --recv-buffer=16384 --num-conns=2100 --num-calls=25
Maximum connect burst length: 1

Total: connections 2100 requests 52500 replies 52500 test-duration 37.178 s

Connection rate: 56.5 conn/s (17.7 ms/conn, <=449 concurrent connections)
Connection time [ms]: min 148.5 avg 3993.8 max 26615.8 median 1701.5 stddev 4144.8
Connection time [ms]: connect 2.3
Connection length [replies/conn]: 25.000

Request rate: 1412.1 req/s (0.7 ms/req)
Request size [B]: 77.0

Reply rate [replies/s]: min 0.0 avg 1418.5 max 3290.1 stddev 635.0 (74 samples)
Reply time [ms]: response 159.7 transfer 0.0
Reply size [B]: header 188.0 content 48.0 footer 0.0 (total 236.0)
Reply status: 1xx=0 2xx=52500 3xx=0 4xx=0 5xx=0

CPU time [s]: user 4.49 system 32.66 (user 12.1% system 87.9% total 99.9%)
Net I/O: 431.6 KB/s (3.5*10^6 bps)

Errors: total 0 client-timo 0 socket-timo 0 connrefused 0 connreset 0
Errors: fd-unavail 0 addrunavail 0 ftab-full 0 other 0
httperf --hog --timeout=30 --client=0/1 --server=java-jetty.herokuapp.com --port=80 --uri=/ --rate=80 --send-buffer=4096 --recv-buffer=16384 --num-conns=2400 --num-calls=25
Maximum connect burst length: 1

Total: connections 2400 requests 60000 replies 60000 test-duration 40.737 s

Connection rate: 58.9 conn/s (17.0 ms/conn, <=696 concurrent connections)
Connection time [ms]: min 161.3 avg 5814.6 max 28990.4 median 4673.5 stddev 4920.1
Connection time [ms]: connect 2.3
Connection length [replies/conn]: 25.000

Request rate: 1472.9 req/s (0.7 ms/req)
Request size [B]: 77.0

Reply rate [replies/s]: min 0.0 avg 1481.2 max 3250.3 stddev 628.6 (81 samples)
Reply time [ms]: response 232.5 transfer 0.0
Reply size [B]: header 187.0 content 53.0 footer 0.0 (total 240.0)
Reply status: 1xx=0 2xx=59424 3xx=0 4xx=0 5xx=576

CPU time [s]: user 4.35 system 36.35 (user 10.7% system 89.2% total 99.9%)
Net I/O: 457.7 KB/s (3.7*10^6 bps)

Errors: total 0 client-timo 0 socket-timo 0 connrefused 0 connreset 0
Errors: fd-unavail 0 addrunavail 0 ftab-full 0 other 0
httperf --hog --timeout=30 --client=0/1 --server=java-jetty.herokuapp.com --port=80 --uri=/ --rate=90 --send-buffer=4096 --recv-buffer=16384 --num-conns=2700 --num-calls=25
Maximum connect burst length: 1

Total: connections 2700 requests 67381 replies 67371 test-duration 37.860 s

Connection rate: 71.3 conn/s (14.0 ms/conn, <=788 concurrent connections)
Connection time [ms]: min 170.8 avg 5758.1 max 28796.9 median 4750.5 stddev 4644.4
Connection time [ms]: connect 2.3
Connection length [replies/conn]: 24.961

Request rate: 1779.7 req/s (0.6 ms/req)
Request size [B]: 77.0

Reply rate [replies/s]: min 212.0 avg 1789.6 max 4380.3 stddev 728.5 (75 samples)
Reply time [ms]: response 230.6 transfer 0.0
Reply size [B]: header 186.0 content 85.0 footer 0.0 (total 271.0)
Reply status: 1xx=0 2xx=62878 3xx=0 4xx=0 5xx=4493

CPU time [s]: user 2.73 system 35.11 (user 7.2% system 92.7% total 99.9%)
Net I/O: 607.0 KB/s (5.0*10^6 bps)

Errors: total 10 client-timo 0 socket-timo 0 connrefused 0 connreset 10
Errors: fd-unavail 0 addrunavail 0 ftab-full 0 other 0
httperf --hog --timeout=30 --client=0/1 --server=java-jetty.herokuapp.com --port=80 --uri=/ --rate=100 --send-buffer=4096 --recv-buffer=16384 --num-conns=3000 --num-calls=25
Maximum connect burst length: 1

Total: connections 3000 requests 74848 replies 74834 test-duration 40.522 s

Connection rate: 74.0 conn/s (13.5 ms/conn, <=807 concurrent connections)
Connection time [ms]: min 164.7 avg 7101.6 max 31393.8 median 6193.5 stddev 4964.4
Connection time [ms]: connect 1.4
Connection length [replies/conn]: 24.945

Request rate: 1847.1 req/s (0.5 ms/req)
Request size [B]: 77.0

Reply rate [replies/s]: min 12.0 avg 1847.7 max 4761.9 stddev 923.6 (81 samples)
Reply time [ms]: response 284.6 transfer 0.0
Reply size [B]: header 186.0 content 119.0 footer 0.0 (total 305.0)
Reply status: 1xx=0 2xx=65221 3xx=0 4xx=0 5xx=9613

CPU time [s]: user 2.54 system 37.95 (user 6.3% system 93.7% total 99.9%)
Net I/O: 690.5 KB/s (5.7*10^6 bps)

Errors: total 14 client-timo 0 socket-timo 0 connrefused 0 connreset 14
Errors: fd-unavail 0 addrunavail 0 ftab-full 0 other 0
httperf --hog --timeout=30 --client=0/1 --server=java-jetty.herokuapp.com --port=80 --uri=/ --rate=110 --send-buffer=4096 --recv-buffer=16384 --num-conns=3300 --num-calls=25
Maximum connect burst length: 1

Total: connections 3300 requests 64726 replies 63763 test-duration 60.045 s

Connection rate: 55.0 conn/s (18.2 ms/conn, <=930 concurrent connections)
Connection time [ms]: min 6.1 avg 7216.4 max 45256.6 median 103.5 stddev 13980.3
Connection time [ms]: connect 1.3
Connection length [replies/conn]: 22.515

Request rate: 1078.0 req/s (0.9 ms/req)
Request size [B]: 77.0

Reply rate [replies/s]: min 0.0 avg 1062.8 max 3906.3 stddev 1428.3 (120 samples)
Reply time [ms]: response 109.6 transfer 0.0
Reply size [B]: header 173.0 content 607.0 footer 0.0 (total 780.0)
Reply status: 1xx=0 2xx=0 3xx=0 4xx=0 5xx=63763

CPU time [s]: user 5.43 system 54.56 (user 9.1% system 90.9% total 99.9%)
Net I/O: 889.9 KB/s (7.3*10^6 bps)

Errors: total 963 client-timo 912 socket-timo 0 connrefused 0 connreset 51
Errors: fd-unavail 0 addrunavail 0 ftab-full 0 other 0
Zero replies received, test invalid: rate 120
Use of uninitialized value in concatenation (.) or string at /usr/local/bin/autobench line 326.
Use of uninitialized value in concatenation (.) or string at /usr/local/bin/autobench line 326.
Use of uninitialized value in concatenation (.) or string at /usr/local/bin/autobench line 326.
Use of uninitialized value in concatenation (.) or string at /usr/local/bin/autobench line 326.
Use of uninitialized value in concatenation (.) or string at /usr/local/bin/autobench line 326.
Use of uninitialized value in concatenation (.) or string at /usr/local/bin/autobench line 326.
Use of uninitialized value in concatenation (.) or string at /usr/local/bin/autobench line 326.
Use of uninitialized value in concatenation (.) or string at /usr/local/bin/autobench line 326.
httperf --hog --timeout=30 --client=0/1 --server=java-jetty.herokuapp.com --port=80 --uri=/ --rate=130 --send-buffer=4096 --recv-buffer=16384 --num-conns=3900 --num-calls=25
Maximum connect burst length: 1

Total: connections 3900 requests 79345 replies 78332 test-duration 60.046 s

Connection rate: 65.0 conn/s (15.4 ms/conn, <=935 concurrent connections)
Connection time [ms]: min 6.4 avg 5965.0 max 45155.7 median 93.5 stddev 13014.8
Connection time [ms]: connect 1.3
Connection length [replies/conn]: 22.837

Request rate: 1321.4 req/s (0.8 ms/req)
Request size [B]: 77.0

Reply rate [replies/s]: min 0.0 avg 1305.6 max 4860.4 stddev 1677.9 (120 samples)
Reply time [ms]: response 89.9 transfer 0.1
Reply size [B]: header 173.0 content 607.0 footer 0.0 (total 780.0)
Reply status: 1xx=0 2xx=0 3xx=0 4xx=0 5xx=78332

CPU time [s]: user 5.46 system 54.53 (user 9.1% system 90.8% total 99.9%)
Net I/O: 1093.1 KB/s (9.0*10^6 bps)

Errors: total 1013 client-timo 914 socket-timo 0 connrefused 0 connreset 99
Errors: fd-unavail 0 addrunavail 0 ftab-full 0 other 0
httperf --hog --timeout=30 --client=0/1 --server=java-jetty.herokuapp.com --port=80 --uri=/ --rate=140 --send-buffer=4096 --recv-buffer=16384 --num-conns=4200 --num-calls=25
Maximum connect burst length: 1

Total: connections 4200 requests 86159 replies 85096 test-duration 60.041 s

Connection rate: 70.0 conn/s (14.3 ms/conn, <=938 concurrent connections)
Connection time [ms]: min 6.7 avg 5531.8 max 45179.7 median 96.5 stddev 12528.9
Connection time [ms]: connect 1.4
Connection length [replies/conn]: 22.790

Request rate: 1435.0 req/s (0.7 ms/req)
Request size [B]: 77.0

Reply rate [replies/s]: min 0.0 avg 1418.4 max 4914.3 stddev 1793.7 (120 samples)
Reply time [ms]: response 83.3 transfer 0.1
Reply size [B]: header 173.0 content 607.0 footer 0.0 (total 780.0)
Reply status: 1xx=0 2xx=0 3xx=0 4xx=0 5xx=85096

CPU time [s]: user 5.69 system 54.31 (user 9.5% system 90.5% total 99.9%)
Net I/O: 1187.5 KB/s (9.7*10^6 bps)

Errors: total 1063 client-timo 914 socket-timo 0 connrefused 0 connreset 149
Errors: fd-unavail 0 addrunavail 0 ftab-full 0 other 0
httperf --hog --timeout=30 --client=0/1 --server=java-jetty.herokuapp.com --port=80 --uri=/ --rate=150 --send-buffer=4096 --recv-buffer=16384 --num-conns=4500 --num-calls=25
Maximum connect burst length: 1

Total: connections 4500 requests 92825 replies 91718 test-duration 60.070 s

Connection rate: 74.9 conn/s (13.3 ms/conn, <=950 concurrent connections)
Connection time [ms]: min 5.8 avg 5164.2 max 45196.7 median 111.5 stddev 12147.9
Connection time [ms]: connect 1.4
Connection length [replies/conn]: 22.748

Request rate: 1545.3 req/s (0.6 ms/req)
Request size [B]: 77.0

Reply rate [replies/s]: min 0.0 avg 1528.7 max 5331.7 stddev 1903.0 (120 samples)
Reply time [ms]: response 78.1 transfer 0.1
Reply size [B]: header 173.0 content 607.0 footer 0.0 (total 780.0)
Reply status: 1xx=0 2xx=0 3xx=0 4xx=0 5xx=91718

CPU time [s]: user 5.77 system 54.23 (user 9.6% system 90.3% total 99.9%)
Net I/O: 1279.2 KB/s (10.5*10^6 bps)

Errors: total 1107 client-timo 918 socket-timo 0 connrefused 0 connreset 189
Errors: fd-unavail 0 addrunavail 0 ftab-full 0 other 0
Zero replies received, test invalid: rate 160
Use of uninitialized value in concatenation (.) or string at /usr/local/bin/autobench line 326.
Use of uninitialized value in concatenation (.) or string at /usr/local/bin/autobench line 326.
Use of uninitialized value in concatenation (.) or string at /usr/local/bin/autobench line 326.
Use of uninitialized value in concatenation (.) or string at /usr/local/bin/autobench line 326.
Use of uninitialized value in concatenation (.) or string at /usr/local/bin/autobench line 326.
Use of uninitialized value in concatenation (.) or string at /usr/local/bin/autobench line 326.
Use of uninitialized value in concatenation (.) or string at /usr/local/bin/autobench line 326.
Use of uninitialized value in concatenation (.) or string at /usr/local/bin/autobench line 326.
httperf --hog --timeout=30 --client=0/1 --server=java-jetty.herokuapp.com --port=80 --uri=/ --rate=170 --send-buffer=4096 --recv-buffer=16384 --num-conns=5100 --num-calls=25
Maximum connect burst length: 1

Total: connections 5100 requests 117616 replies 116850 test-duration 64.834 s

Connection rate: 78.7 conn/s (12.7 ms/conn, <=304 concurrent connections)
Connection time [ms]: min 7.4 avg 1684.0 max 60117.6 median 111.5 stddev 6789.0
Connection time [ms]: connect 2.3
Connection length [replies/conn]: 23.180

Request rate: 1814.1 req/s (0.6 ms/req)
Request size [B]: 77.0

Reply rate [replies/s]: min 0.0 avg 1811.8 max 4250.4 stddev 1955.5 (129 samples)
Reply time [ms]: response 9.3 transfer 0.0
Reply size [B]: header 173.0 content 607.0 footer 0.0 (total 780.0)
Reply status: 1xx=0 2xx=0 3xx=0 4xx=0 5xx=116850

CPU time [s]: user 9.20 system 55.58 (user 14.2% system 85.7% total 99.9%)
Net I/O: 1509.2 KB/s (12.4*10^6 bps)

Errors: total 766 client-timo 282 socket-timo 0 connrefused 0 connreset 484
Errors: fd-unavail 0 addrunavail 0 ftab-full 0 other 0
Zero replies received, test invalid: rate 180
Use of uninitialized value in concatenation (.) or string at /usr/local/bin/autobench line 326.
Use of uninitialized value in concatenation (.) or string at /usr/local/bin/autobench line 326.
Use of uninitialized value in concatenation (.) or string at /usr/local/bin/autobench line 326.
Use of uninitialized value in concatenation (.) or string at /usr/local/bin/autobench line 326.
Use of uninitialized value in concatenation (.) or string at /usr/local/bin/autobench line 326.
Use of uninitialized value in concatenation (.) or string at /usr/local/bin/autobench line 326.
Use of uninitialized value in concatenation (.) or string at /usr/local/bin/autobench line 326.
Use of uninitialized value in concatenation (.) or string at /usr/local/bin/autobench line 326.
Zero replies received, test invalid: rate 190
Use of uninitialized value in concatenation (.) or string at /usr/local/bin/autobench line 326.
Use of uninitialized value in concatenation (.) or string at /usr/local/bin/autobench line 326.
Use of uninitialized value in concatenation (.) or string at /usr/local/bin/autobench line 326.
Use of uninitialized value in concatenation (.) or string at /usr/local/bin/autobench line 326.
Use of uninitialized value in concatenation (.) or string at /usr/local/bin/autobench line 326.
Use of uninitialized value in concatenation (.) or string at /usr/local/bin/autobench line 326.
Use of uninitialized value in concatenation (.) or string at /usr/local/bin/autobench line 326.
Use of uninitialized value in concatenation (.) or string at /usr/local/bin/autobench line 326.
Zero replies received, test invalid: rate 200
Use of uninitialized value in concatenation (.) or string at /usr/local/bin/autobench line 326.
Use of uninitialized value in concatenation (.) or string at /usr/local/bin/autobench line 326.
Use of uninitialized value in concatenation (.) or string at /usr/local/bin/autobench line 326.
Use of uninitialized value in concatenation (.) or string at /usr/local/bin/autobench line 326.
Use of uninitialized value in concatenation (.) or string at /usr/local/bin/autobench line 326.
Use of uninitialized value in concatenation (.) or string at /usr/local/bin/autobench line 326.
Use of uninitialized value in concatenation (.) or string at /usr/local/bin/autobench line 326.
Use of uninitialized value in concatenation (.) or string at /usr/local/bin/autobench line 326.
Zero replies received, test invalid: rate 210
Use of uninitialized value in concatenation (.) or string at /usr/local/bin/autobench line 326.
Use of uninitialized value in concatenation (.) or string at /usr/local/bin/autobench line 326.
Use of uninitialized value in concatenation (.) or string at /usr/local/bin/autobench line 326.
Use of uninitialized value in concatenation (.) or string at /usr/local/bin/autobench line 326.
Use of uninitialized value in concatenation (.) or string at /usr/local/bin/autobench line 326.
Use of uninitialized value in concatenation (.) or string at /usr/local/bin/autobench line 326.
Use of uninitialized value in concatenation (.) or string at /usr/local/bin/autobench line 326.
Use of uninitialized value in concatenation (.) or string at /usr/local/bin/autobench line 326.
Zero replies received, test invalid: rate 220
Use of uninitialized value in concatenation (.) or string at /usr/local/bin/autobench line 326.
Use of uninitialized value in concatenation (.) or string at /usr/local/bin/autobench line 326.
Use of uninitialized value in concatenation (.) or string at /usr/local/bin/autobench line 326.
Use of uninitialized value in concatenation (.) or string at /usr/local/bin/autobench line 326.
Use of uninitialized value in concatenation (.) or string at /usr/local/bin/autobench line 326.
Use of uninitialized value in concatenation (.) or string at /usr/local/bin/autobench line 326.
Use of uninitialized value in concatenation (.) or string at /usr/local/bin/autobench line 326.
Use of uninitialized value in concatenation (.) or string at /usr/local/bin/autobench line 326.
httperf --hog --timeout=30 --client=0/1 --server=java-jetty.herokuapp.com --port=80 --uri=/ --rate=230 --send-buffer=4096 --recv-buffer=16384 --num-conns=6900 --num-calls=25
Maximum connect burst length: 1

Total: connections 6900 requests 165437 replies 164872 test-duration 40.915 s

Connection rate: 168.6 conn/s (5.9 ms/conn, <=960 concurrent connections)
Connection time [ms]: min 7.9 avg 4287.8 max 36684.2 median 1330.5 stddev 5559.9
Connection time [ms]: connect 2.4
Connection length [replies/conn]: 23.950

Request rate: 4043.4 req/s (0.2 ms/req)
Request size [B]: 77.0

Reply rate [replies/s]: min 0.0 avg 4068.5 max 9207.7 stddev 2624.8 (81 samples)
Reply time [ms]: response 178.9 transfer 0.0
Reply size [B]: header 176.0 content 470.0 footer 0.0 (total 646.0)
Reply status: 1xx=0 2xx=40394 3xx=0 4xx=0 5xx=124478

CPU time [s]: user 2.49 system 38.39 (user 6.1% system 93.8% total 99.9%)
Net I/O: 2849.0 KB/s (23.3*10^6 bps)

Errors: total 565 client-timo 2 socket-timo 0 connrefused 0 connreset 563
Errors: fd-unavail 0 addrunavail 0 ftab-full 0 other 0
httperf --hog --timeout=30 --client=0/1 --server=java-jetty.herokuapp.com --port=80 --uri=/ --rate=240 --send-buffer=4096 --recv-buffer=16384 --num-conns=7200 --num-calls=25
Maximum connect burst length: 1

Total: connections 7200 requests 174877 replies 174449 test-duration 38.794 s

Connection rate: 185.6 conn/s (5.4 ms/conn, <=971 concurrent connections)
Connection time [ms]: min 7.6 avg 4030.3 max 28097.9 median 2597.5 stddev 3859.4
Connection time [ms]: connect 2.5
Connection length [replies/conn]: 24.276

Request rate: 4507.8 req/s (0.2 ms/req)
Request size [B]: 77.0

Reply rate [replies/s]: min 0.0 avg 4531.3 max 9222.8 stddev 2347.8 (77 samples)
Reply time [ms]: response 165.9 transfer 0.0
Reply size [B]: header 177.0 content 428.0 footer 0.0 (total 605.0)
Reply status: 1xx=0 2xx=55707 3xx=0 4xx=0 5xx=118742

CPU time [s]: user 2.44 system 36.33 (user 6.3% system 93.6% total 99.9%)
Net I/O: 3001.4 KB/s (24.6*10^6 bps)

Errors: total 428 client-timo 0 socket-timo 0 connrefused 0 connreset 428
Errors: fd-unavail 0 addrunavail 0 ftab-full 0 other 0
