httperf --hog --timeout=30 --client=0/1 --server=js-node.herokuapp.com --port=80 --uri=/ --rate=200 --send-buffer=4096 --recv-buffer=16384 --num-conns=6000 --num-calls=25
Maximum connect burst length: 1

Total: connections 6000 requests 149993 replies 149991 test-duration 30.898 s

Connection rate: 194.2 conn/s (5.1 ms/conn, <=649 concurrent connections)
Connection time [ms]: min 389.5 avg 2010.6 max 11513.5 median 1644.5 stddev 1253.6
Connection time [ms]: connect 1.5
Connection length [replies/conn]: 24.998

Request rate: 4854.4 req/s (0.2 ms/req)
Request size [B]: 74.0

Reply rate [replies/s]: min 1823.5 avg 4900.9 max 6559.9 stddev 996.1 (61 samples)
Reply time [ms]: response 80.4 transfer 0.0
Reply size [B]: header 126.0 content 20.0 footer 0.0 (total 146.0)
Reply status: 1xx=0 2xx=149991 3xx=0 4xx=0 5xx=0

CPU time [s]: user 2.29 system 28.58 (user 7.4% system 92.5% total 99.9%)
Net I/O: 1042.9 KB/s (8.5*10^6 bps)

Errors: total 2 client-timo 0 socket-timo 0 connrefused 0 connreset 2
Errors: fd-unavail 0 addrunavail 0 ftab-full 0 other 0
httperf --hog --timeout=30 --client=0/1 --server=js-node.herokuapp.com --port=80 --uri=/ --rate=300 --send-buffer=4096 --recv-buffer=16384 --num-conns=9000 --num-calls=25
Maximum connect burst length: 1

Total: connections 9000 requests 224890 replies 224880 test-duration 31.817 s

Connection rate: 282.9 conn/s (3.5 ms/conn, <=1085 concurrent connections)
Connection time [ms]: min 323.3 avg 2222.9 max 11353.5 median 1940.5 stddev 1138.2
Connection time [ms]: connect 1.8
Connection length [replies/conn]: 24.987

Request rate: 7068.3 req/s (0.1 ms/req)
Request size [B]: 74.0

Reply rate [replies/s]: min 2602.0 avg 7134.2 max 8945.7 stddev 1446.7 (63 samples)
Reply time [ms]: response 88.9 transfer 0.0
Reply size [B]: header 126.0 content 20.0 footer 0.0 (total 146.0)
Reply status: 1xx=0 2xx=224880 3xx=0 4xx=0 5xx=0

CPU time [s]: user 2.22 system 29.56 (user 7.0% system 92.9% total 99.9%)
Net I/O: 1518.5 KB/s (12.4*10^6 bps)

Errors: total 10 client-timo 0 socket-timo 0 connrefused 0 connreset 10
Errors: fd-unavail 0 addrunavail 0 ftab-full 0 other 0
httperf --hog --timeout=30 --client=0/1 --server=js-node.herokuapp.com --port=80 --uri=/ --rate=400 --send-buffer=4096 --recv-buffer=16384 --num-conns=12000 --num-calls=25
Maximum connect burst length: 6

Total: connections 12000 requests 299507 replies 299471 test-duration 40.206 s

Connection rate: 298.5 conn/s (3.4 ms/conn, <=3370 concurrent connections)
Connection time [ms]: min 88.6 avg 5530.3 max 25762.6 median 5138.5 stddev 3922.8
Connection time [ms]: connect 4.0
Connection length [replies/conn]: 24.960

Request rate: 7449.3 req/s (0.1 ms/req)
Request size [B]: 74.0

Reply rate [replies/s]: min 0.0 avg 7484.2 max 10497.1 stddev 2484.4 (80 samples)
Reply time [ms]: response 221.4 transfer 0.0
Reply size [B]: header 126.0 content 20.0 footer 0.0 (total 146.0)
Reply status: 1xx=0 2xx=299471 3xx=0 4xx=0 5xx=0

CPU time [s]: user 2.62 system 37.54 (user 6.5% system 93.4% total 99.9%)
Net I/O: 1600.3 KB/s (13.1*10^6 bps)

Errors: total 36 client-timo 0 socket-timo 0 connrefused 0 connreset 36
Errors: fd-unavail 0 addrunavail 0 ftab-full 0 other 0
Zero replies received, test invalid: rate 500
Use of uninitialized value in concatenation (.) or string at /usr/local/bin/autobench line 326.
Use of uninitialized value in concatenation (.) or string at /usr/local/bin/autobench line 326.
Use of uninitialized value in concatenation (.) or string at /usr/local/bin/autobench line 326.
Use of uninitialized value in concatenation (.) or string at /usr/local/bin/autobench line 326.
Use of uninitialized value in concatenation (.) or string at /usr/local/bin/autobench line 326.
Use of uninitialized value in concatenation (.) or string at /usr/local/bin/autobench line 326.
Use of uninitialized value in concatenation (.) or string at /usr/local/bin/autobench line 326.
Use of uninitialized value in concatenation (.) or string at /usr/local/bin/autobench line 326.
httperf --hog --timeout=30 --client=0/1 --server=js-node.herokuapp.com --port=80 --uri=/ --rate=600 --send-buffer=4096 --recv-buffer=16384 --num-conns=18000 --num-calls=25
Maximum connect burst length: 5

Total: connections 18000 requests 436398 replies 435156 test-duration 61.983 s

Connection rate: 290.4 conn/s (3.4 ms/conn, <=9135 concurrent connections)
Connection time [ms]: min 88.9 avg 12320.6 max 44808.1 median 12408.5 stddev 6329.4
Connection time [ms]: connect 4.7
Connection length [replies/conn]: 24.204

Request rate: 7040.6 req/s (0.1 ms/req)
Request size [B]: 74.0

Reply rate [replies/s]: min 0.0 avg 7068.7 max 23898.2 stddev 4965.9 (123 samples)
Reply time [ms]: response 508.0 transfer 0.1
Reply size [B]: header 125.0 content 21.0 footer 0.0 (total 146.0)
Reply status: 1xx=0 2xx=415043 3xx=0 4xx=9 5xx=20104

CPU time [s]: user 4.75 system 57.17 (user 7.7% system 92.2% total 99.9%)
Net I/O: 1517.5 KB/s (12.4*10^6 bps)

Errors: total 1242 client-timo 3 socket-timo 0 connrefused 0 connreset 1239
Errors: fd-unavail 0 addrunavail 0 ftab-full 0 other 0
Zero replies received, test invalid: rate 700
Use of uninitialized value in concatenation (.) or string at /usr/local/bin/autobench line 326.
Use of uninitialized value in concatenation (.) or string at /usr/local/bin/autobench line 326.
Use of uninitialized value in concatenation (.) or string at /usr/local/bin/autobench line 326.
Use of uninitialized value in concatenation (.) or string at /usr/local/bin/autobench line 326.
Use of uninitialized value in concatenation (.) or string at /usr/local/bin/autobench line 326.
Use of uninitialized value in concatenation (.) or string at /usr/local/bin/autobench line 326.
Use of uninitialized value in concatenation (.) or string at /usr/local/bin/autobench line 326.
Use of uninitialized value in concatenation (.) or string at /usr/local/bin/autobench line 326.
httperf --hog --timeout=30 --client=0/1 --server=js-node.herokuapp.com --port=80 --uri=/ --rate=800 --send-buffer=4096 --recv-buffer=16384 --num-conns=24000 --num-calls=25
Maximum connect burst length: 56

Total: connections 24000 requests 548593 replies 544506 test-duration 63.739 s

Connection rate: 376.5 conn/s (2.7 ms/conn, <=10196 concurrent connections)
Connection time [ms]: min 101.0 avg 10444.0 max 42270.3 median 10291.5 stddev 5123.4
Connection time [ms]: connect 82.6
Connection length [replies/conn]: 22.850

Request rate: 8606.8 req/s (0.1 ms/req)
Request size [B]: 74.0

Reply rate [replies/s]: min 0.0 avg 8565.4 max 25913.8 stddev 7912.3 (127 samples)
Reply time [ms]: response 451.7 transfer 0.1
Reply size [B]: header 121.0 content 18.0 footer 0.0 (total 139.0)
Reply status: 1xx=0 2xx=363741 3xx=0 4xx=0 5xx=180765

CPU time [s]: user 7.55 system 56.13 (user 11.8% system 88.1% total 99.9%)
Net I/O: 1792.6 KB/s (14.7*10^6 bps)

Errors: total 4087 client-timo 2 socket-timo 0 connrefused 0 connreset 4085
Errors: fd-unavail 0 addrunavail 0 ftab-full 0 other 0
Zero replies received, test invalid: rate 900
Use of uninitialized value in concatenation (.) or string at /usr/local/bin/autobench line 326.
Use of uninitialized value in concatenation (.) or string at /usr/local/bin/autobench line 326.
Use of uninitialized value in concatenation (.) or string at /usr/local/bin/autobench line 326.
Use of uninitialized value in concatenation (.) or string at /usr/local/bin/autobench line 326.
Use of uninitialized value in concatenation (.) or string at /usr/local/bin/autobench line 326.
Use of uninitialized value in concatenation (.) or string at /usr/local/bin/autobench line 326.
Use of uninitialized value in concatenation (.) or string at /usr/local/bin/autobench line 326.
Use of uninitialized value in concatenation (.) or string at /usr/local/bin/autobench line 326.
Zero replies received, test invalid: rate 1000
Use of uninitialized value in concatenation (.) or string at /usr/local/bin/autobench line 326.
Use of uninitialized value in concatenation (.) or string at /usr/local/bin/autobench line 326.
Use of uninitialized value in concatenation (.) or string at /usr/local/bin/autobench line 326.
Use of uninitialized value in concatenation (.) or string at /usr/local/bin/autobench line 326.
Use of uninitialized value in concatenation (.) or string at /usr/local/bin/autobench line 326.
Use of uninitialized value in concatenation (.) or string at /usr/local/bin/autobench line 326.
Use of uninitialized value in concatenation (.) or string at /usr/local/bin/autobench line 326.
Use of uninitialized value in concatenation (.) or string at /usr/local/bin/autobench line 326.
Zero replies received, test invalid: rate 1100
Use of uninitialized value in concatenation (.) or string at /usr/local/bin/autobench line 326.
Use of uninitialized value in concatenation (.) or string at /usr/local/bin/autobench line 326.
Use of uninitialized value in concatenation (.) or string at /usr/local/bin/autobench line 326.
Use of uninitialized value in concatenation (.) or string at /usr/local/bin/autobench line 326.
Use of uninitialized value in concatenation (.) or string at /usr/local/bin/autobench line 326.
Use of uninitialized value in concatenation (.) or string at /usr/local/bin/autobench line 326.
Use of uninitialized value in concatenation (.) or string at /usr/local/bin/autobench line 326.
Use of uninitialized value in concatenation (.) or string at /usr/local/bin/autobench line 326.
Zero replies received, test invalid: rate 1200
Use of uninitialized value in concatenation (.) or string at /usr/local/bin/autobench line 326.
Use of uninitialized value in concatenation (.) or string at /usr/local/bin/autobench line 326.
Use of uninitialized value in concatenation (.) or string at /usr/local/bin/autobench line 326.
Use of uninitialized value in concatenation (.) or string at /usr/local/bin/autobench line 326.
Use of uninitialized value in concatenation (.) or string at /usr/local/bin/autobench line 326.
Use of uninitialized value in concatenation (.) or string at /usr/local/bin/autobench line 326.
Use of uninitialized value in concatenation (.) or string at /usr/local/bin/autobench line 326.
Use of uninitialized value in concatenation (.) or string at /usr/local/bin/autobench line 326.
Zero replies received, test invalid: rate 1300
Use of uninitialized value in concatenation (.) or string at /usr/local/bin/autobench line 326.
Use of uninitialized value in concatenation (.) or string at /usr/local/bin/autobench line 326.
Use of uninitialized value in concatenation (.) or string at /usr/local/bin/autobench line 326.
Use of uninitialized value in concatenation (.) or string at /usr/local/bin/autobench line 326.
Use of uninitialized value in concatenation (.) or string at /usr/local/bin/autobench line 326.
Use of uninitialized value in concatenation (.) or string at /usr/local/bin/autobench line 326.
Use of uninitialized value in concatenation (.) or string at /usr/local/bin/autobench line 326.
Use of uninitialized value in concatenation (.) or string at /usr/local/bin/autobench line 326.
Zero replies received, test invalid: rate 1400
Use of uninitialized value in concatenation (.) or string at /usr/local/bin/autobench line 326.
Use of uninitialized value in concatenation (.) or string at /usr/local/bin/autobench line 326.
Use of uninitialized value in concatenation (.) or string at /usr/local/bin/autobench line 326.
Use of uninitialized value in concatenation (.) or string at /usr/local/bin/autobench line 326.
Use of uninitialized value in concatenation (.) or string at /usr/local/bin/autobench line 326.
Use of uninitialized value in concatenation (.) or string at /usr/local/bin/autobench line 326.
Use of uninitialized value in concatenation (.) or string at /usr/local/bin/autobench line 326.
Use of uninitialized value in concatenation (.) or string at /usr/local/bin/autobench line 326.
Zero replies received, test invalid: rate 1500
Use of uninitialized value in concatenation (.) or string at /usr/local/bin/autobench line 326.
Use of uninitialized value in concatenation (.) or string at /usr/local/bin/autobench line 326.
Use of uninitialized value in concatenation (.) or string at /usr/local/bin/autobench line 326.
Use of uninitialized value in concatenation (.) or string at /usr/local/bin/autobench line 326.
Use of uninitialized value in concatenation (.) or string at /usr/local/bin/autobench line 326.
Use of uninitialized value in concatenation (.) or string at /usr/local/bin/autobench line 326.
Use of uninitialized value in concatenation (.) or string at /usr/local/bin/autobench line 326.
Use of uninitialized value in concatenation (.) or string at /usr/local/bin/autobench line 326.
Zero replies received, test invalid: rate 1600
Use of uninitialized value in concatenation (.) or string at /usr/local/bin/autobench line 326.
Use of uninitialized value in concatenation (.) or string at /usr/local/bin/autobench line 326.
Use of uninitialized value in concatenation (.) or string at /usr/local/bin/autobench line 326.
Use of uninitialized value in concatenation (.) or string at /usr/local/bin/autobench line 326.
Use of uninitialized value in concatenation (.) or string at /usr/local/bin/autobench line 326.
Use of uninitialized value in concatenation (.) or string at /usr/local/bin/autobench line 326.
Use of uninitialized value in concatenation (.) or string at /usr/local/bin/autobench line 326.
Use of uninitialized value in concatenation (.) or string at /usr/local/bin/autobench line 326.
Zero replies received, test invalid: rate 1700
Use of uninitialized value in concatenation (.) or string at /usr/local/bin/autobench line 326.
Use of uninitialized value in concatenation (.) or string at /usr/local/bin/autobench line 326.
Use of uninitialized value in concatenation (.) or string at /usr/local/bin/autobench line 326.
Use of uninitialized value in concatenation (.) or string at /usr/local/bin/autobench line 326.
Use of uninitialized value in concatenation (.) or string at /usr/local/bin/autobench line 326.
Use of uninitialized value in concatenation (.) or string at /usr/local/bin/autobench line 326.
Use of uninitialized value in concatenation (.) or string at /usr/local/bin/autobench line 326.
Use of uninitialized value in concatenation (.) or string at /usr/local/bin/autobench line 326.
Zero replies received, test invalid: rate 1800
Use of uninitialized value in concatenation (.) or string at /usr/local/bin/autobench line 326.
Use of uninitialized value in concatenation (.) or string at /usr/local/bin/autobench line 326.
Use of uninitialized value in concatenation (.) or string at /usr/local/bin/autobench line 326.
Use of uninitialized value in concatenation (.) or string at /usr/local/bin/autobench line 326.
Use of uninitialized value in concatenation (.) or string at /usr/local/bin/autobench line 326.
Use of uninitialized value in concatenation (.) or string at /usr/local/bin/autobench line 326.
Use of uninitialized value in concatenation (.) or string at /usr/local/bin/autobench line 326.
Use of uninitialized value in concatenation (.) or string at /usr/local/bin/autobench line 326.
Zero replies received, test invalid: rate 1900
Use of uninitialized value in concatenation (.) or string at /usr/local/bin/autobench line 326.
Use of uninitialized value in concatenation (.) or string at /usr/local/bin/autobench line 326.
Use of uninitialized value in concatenation (.) or string at /usr/local/bin/autobench line 326.
Use of uninitialized value in concatenation (.) or string at /usr/local/bin/autobench line 326.
Use of uninitialized value in concatenation (.) or string at /usr/local/bin/autobench line 326.
Use of uninitialized value in concatenation (.) or string at /usr/local/bin/autobench line 326.
Use of uninitialized value in concatenation (.) or string at /usr/local/bin/autobench line 326.
Use of uninitialized value in concatenation (.) or string at /usr/local/bin/autobench line 326.
Zero replies received, test invalid: rate 2000
Use of uninitialized value in concatenation (.) or string at /usr/local/bin/autobench line 326.
Use of uninitialized value in concatenation (.) or string at /usr/local/bin/autobench line 326.
Use of uninitialized value in concatenation (.) or string at /usr/local/bin/autobench line 326.
Use of uninitialized value in concatenation (.) or string at /usr/local/bin/autobench line 326.
Use of uninitialized value in concatenation (.) or string at /usr/local/bin/autobench line 326.
Use of uninitialized value in concatenation (.) or string at /usr/local/bin/autobench line 326.
Use of uninitialized value in concatenation (.) or string at /usr/local/bin/autobench line 326.
Use of uninitialized value in concatenation (.) or string at /usr/local/bin/autobench line 326.
Zero replies received, test invalid: rate 2100
Use of uninitialized value in concatenation (.) or string at /usr/local/bin/autobench line 326.
Use of uninitialized value in concatenation (.) or string at /usr/local/bin/autobench line 326.
Use of uninitialized value in concatenation (.) or string at /usr/local/bin/autobench line 326.
Use of uninitialized value in concatenation (.) or string at /usr/local/bin/autobench line 326.
Use of uninitialized value in concatenation (.) or string at /usr/local/bin/autobench line 326.
Use of uninitialized value in concatenation (.) or string at /usr/local/bin/autobench line 326.
Use of uninitialized value in concatenation (.) or string at /usr/local/bin/autobench line 326.
Use of uninitialized value in concatenation (.) or string at /usr/local/bin/autobench line 326.
Zero replies received, test invalid: rate 2200
Use of uninitialized value in concatenation (.) or string at /usr/local/bin/autobench line 326.
Use of uninitialized value in concatenation (.) or string at /usr/local/bin/autobench line 326.
Use of uninitialized value in concatenation (.) or string at /usr/local/bin/autobench line 326.
Use of uninitialized value in concatenation (.) or string at /usr/local/bin/autobench line 326.
Use of uninitialized value in concatenation (.) or string at /usr/local/bin/autobench line 326.
Use of uninitialized value in concatenation (.) or string at /usr/local/bin/autobench line 326.
Use of uninitialized value in concatenation (.) or string at /usr/local/bin/autobench line 326.
Use of uninitialized value in concatenation (.) or string at /usr/local/bin/autobench line 326.
Zero replies received, test invalid: rate 2300
Use of uninitialized value in concatenation (.) or string at /usr/local/bin/autobench line 326.
Use of uninitialized value in concatenation (.) or string at /usr/local/bin/autobench line 326.
Use of uninitialized value in concatenation (.) or string at /usr/local/bin/autobench line 326.
Use of uninitialized value in concatenation (.) or string at /usr/local/bin/autobench line 326.
Use of uninitialized value in concatenation (.) or string at /usr/local/bin/autobench line 326.
Use of uninitialized value in concatenation (.) or string at /usr/local/bin/autobench line 326.
Use of uninitialized value in concatenation (.) or string at /usr/local/bin/autobench line 326.
Use of uninitialized value in concatenation (.) or string at /usr/local/bin/autobench line 326.
Zero replies received, test invalid: rate 2400
Use of uninitialized value in concatenation (.) or string at /usr/local/bin/autobench line 326.
Use of uninitialized value in concatenation (.) or string at /usr/local/bin/autobench line 326.
Use of uninitialized value in concatenation (.) or string at /usr/local/bin/autobench line 326.
Use of uninitialized value in concatenation (.) or string at /usr/local/bin/autobench line 326.
Use of uninitialized value in concatenation (.) or string at /usr/local/bin/autobench line 326.
Use of uninitialized value in concatenation (.) or string at /usr/local/bin/autobench line 326.
Use of uninitialized value in concatenation (.) or string at /usr/local/bin/autobench line 326.
Use of uninitialized value in concatenation (.) or string at /usr/local/bin/autobench line 326.
