httperf --hog --timeout=30 --client=0/1 --server=ruby-sinatr.herokuapp.com --port=80 --uri=/ --rate=200 --send-buffer=4096 --recv-buffer=16384 --num-conns=6000 --num-calls=25
Maximum connect burst length: 1

Total: connections 6000 requests 149180 replies 149119 test-duration 36.255 s

Connection rate: 165.5 conn/s (6.0 ms/conn, <=1627 concurrent connections)
Connection time [ms]: min 128.2 avg 5180.0 max 25680.5 median 3893.5 stddev 4260.4
Connection time [ms]: connect 1.6
Connection length [replies/conn]: 24.861

Request rate: 4114.7 req/s (0.2 ms/req)
Request size [B]: 78.0

Reply rate [replies/s]: min 0.0 avg 4138.2 max 9396.7 stddev 2443.3 (72 samples)
Reply time [ms]: response 208.1 transfer 0.1
Reply size [B]: header 208.0 content 183.0 footer 0.0 (total 391.0)
Reply status: 1xx=0 2xx=147403 3xx=0 4xx=0 5xx=1716

CPU time [s]: user 2.50 system 33.70 (user 6.9% system 93.0% total 99.9%)
Net I/O: 1889.3 KB/s (15.5*10^6 bps)

Errors: total 61 client-timo 0 socket-timo 0 connrefused 0 connreset 61
Errors: fd-unavail 0 addrunavail 0 ftab-full 0 other 0
httperf --hog --timeout=30 --client=0/1 --server=ruby-sinatr.herokuapp.com --port=80 --uri=/ --rate=300 --send-buffer=4096 --recv-buffer=16384 --num-conns=9000 --num-calls=25
Maximum connect burst length: 3

Total: connections 9000 requests 224977 replies 224976 test-duration 30.676 s

Connection rate: 293.4 conn/s (3.4 ms/conn, <=606 concurrent connections)
Connection time [ms]: min 14.6 avg 1015.2 max 9714.7 median 814.5 stddev 803.1
Connection time [ms]: connect 1.6
Connection length [replies/conn]: 24.997

Request rate: 7333.9 req/s (0.1 ms/req)
Request size [B]: 78.0

Reply rate [replies/s]: min 2435.2 avg 7371.0 max 9759.1 stddev 1201.0 (61 samples)
Reply time [ms]: response 40.5 transfer 0.0
Reply size [B]: header 209.0 content 16.0 footer 0.0 (total 225.0)
Reply status: 1xx=0 2xx=224976 3xx=0 4xx=0 5xx=0

CPU time [s]: user 3.03 system 27.58 (user 9.9% system 89.9% total 99.8%)
Net I/O: 2170.1 KB/s (17.8*10^6 bps)

Errors: total 1 client-timo 0 socket-timo 0 connrefused 0 connreset 1
Errors: fd-unavail 0 addrunavail 0 ftab-full 0 other 0
httperf --hog --timeout=30 --client=0/1 --server=ruby-sinatr.herokuapp.com --port=80 --uri=/ --rate=400 --send-buffer=4096 --recv-buffer=16384 --num-conns=12000 --num-calls=25
Maximum connect burst length: 6

Total: connections 12000 requests 299809 replies 299794 test-duration 42.930 s

Connection rate: 279.5 conn/s (3.6 ms/conn, <=3788 concurrent connections)
Connection time [ms]: min 258.4 avg 7059.0 max 35175.4 median 6414.5 stddev 5055.2
Connection time [ms]: connect 4.3
Connection length [replies/conn]: 24.987

Request rate: 6983.6 req/s (0.1 ms/req)
Request size [B]: 78.0

Reply rate [replies/s]: min 54.0 avg 7049.6 max 9733.1 stddev 2558.3 (85 samples)
Reply time [ms]: response 282.3 transfer 0.0
Reply size [B]: header 208.0 content 16.0 footer 0.0 (total 224.0)
Reply status: 1xx=0 2xx=299507 3xx=0 4xx=0 5xx=287

CPU time [s]: user 2.66 system 40.19 (user 6.2% system 93.6% total 99.8%)
Net I/O: 2070.0 KB/s (17.0*10^6 bps)

Errors: total 15 client-timo 0 socket-timo 0 connrefused 0 connreset 15
Errors: fd-unavail 0 addrunavail 0 ftab-full 0 other 0
Zero replies received, test invalid: rate 500
Use of uninitialized value in concatenation (.) or string at /usr/local/bin/autobench line 326.
Use of uninitialized value in concatenation (.) or string at /usr/local/bin/autobench line 326.
Use of uninitialized value in concatenation (.) or string at /usr/local/bin/autobench line 326.
Use of uninitialized value in concatenation (.) or string at /usr/local/bin/autobench line 326.
Use of uninitialized value in concatenation (.) or string at /usr/local/bin/autobench line 326.
Use of uninitialized value in concatenation (.) or string at /usr/local/bin/autobench line 326.
Use of uninitialized value in concatenation (.) or string at /usr/local/bin/autobench line 326.
Use of uninitialized value in concatenation (.) or string at /usr/local/bin/autobench line 326.
httperf --hog --timeout=30 --client=0/1 --server=ruby-sinatr.herokuapp.com --port=80 --uri=/ --rate=600 --send-buffer=4096 --recv-buffer=16384 --num-conns=18000 --num-calls=25
Maximum connect burst length: 17

Total: connections 18000 requests 446039 replies 445723 test-duration 46.666 s

Connection rate: 385.7 conn/s (2.6 ms/conn, <=7239 concurrent connections)
Connection time [ms]: min 292.3 avg 10387.6 max 33813.5 median 10545.5 stddev 4215.6
Connection time [ms]: connect 13.7
Connection length [replies/conn]: 24.776

Request rate: 9558.0 req/s (0.1 ms/req)
Request size [B]: 78.0

Reply rate [replies/s]: min 0.0 avg 9578.7 max 20166.7 stddev 5076.4 (93 samples)
Reply time [ms]: response 418.4 transfer 0.0
Reply size [B]: header 185.0 content 12.0 footer 0.0 (total 197.0)
Reply status: 1xx=0 2xx=339119 3xx=0 4xx=0 5xx=106604

CPU time [s]: user 4.03 system 42.57 (user 8.6% system 91.2% total 99.9%)
Net I/O: 2576.7 KB/s (21.1*10^6 bps)

Errors: total 316 client-timo 0 socket-timo 0 connrefused 0 connreset 316
Errors: fd-unavail 0 addrunavail 0 ftab-full 0 other 0
Zero replies received, test invalid: rate 700
Use of uninitialized value in concatenation (.) or string at /usr/local/bin/autobench line 326.
Use of uninitialized value in concatenation (.) or string at /usr/local/bin/autobench line 326.
Use of uninitialized value in concatenation (.) or string at /usr/local/bin/autobench line 326.
Use of uninitialized value in concatenation (.) or string at /usr/local/bin/autobench line 326.
Use of uninitialized value in concatenation (.) or string at /usr/local/bin/autobench line 326.
Use of uninitialized value in concatenation (.) or string at /usr/local/bin/autobench line 326.
Use of uninitialized value in concatenation (.) or string at /usr/local/bin/autobench line 326.
Use of uninitialized value in concatenation (.) or string at /usr/local/bin/autobench line 326.
Zero replies received, test invalid: rate 800
Use of uninitialized value in concatenation (.) or string at /usr/local/bin/autobench line 326.
Use of uninitialized value in concatenation (.) or string at /usr/local/bin/autobench line 326.
Use of uninitialized value in concatenation (.) or string at /usr/local/bin/autobench line 326.
Use of uninitialized value in concatenation (.) or string at /usr/local/bin/autobench line 326.
Use of uninitialized value in concatenation (.) or string at /usr/local/bin/autobench line 326.
Use of uninitialized value in concatenation (.) or string at /usr/local/bin/autobench line 326.
Use of uninitialized value in concatenation (.) or string at /usr/local/bin/autobench line 326.
Use of uninitialized value in concatenation (.) or string at /usr/local/bin/autobench line 326.
Zero replies received, test invalid: rate 900
Use of uninitialized value in concatenation (.) or string at /usr/local/bin/autobench line 326.
Use of uninitialized value in concatenation (.) or string at /usr/local/bin/autobench line 326.
Use of uninitialized value in concatenation (.) or string at /usr/local/bin/autobench line 326.
Use of uninitialized value in concatenation (.) or string at /usr/local/bin/autobench line 326.
Use of uninitialized value in concatenation (.) or string at /usr/local/bin/autobench line 326.
Use of uninitialized value in concatenation (.) or string at /usr/local/bin/autobench line 326.
Use of uninitialized value in concatenation (.) or string at /usr/local/bin/autobench line 326.
Use of uninitialized value in concatenation (.) or string at /usr/local/bin/autobench line 326.
httperf --hog --timeout=30 --client=0/1 --server=ruby-sinatr.herokuapp.com --port=80 --uri=/ --rate=1000 --send-buffer=4096 --recv-buffer=16384 --num-conns=30000 --num-calls=25
Maximum connect burst length: 13

Total: connections 30000 requests 383280 replies 361421 test-duration 61.435 s

Connection rate: 488.3 conn/s (2.0 ms/conn, <=8375 concurrent connections)
Connection time [ms]: min 51.0 avg 8940.0 max 48385.7 median 7246.5 stddev 7174.3
Connection time [ms]: connect 8.8
Connection length [replies/conn]: 13.059

Request rate: 6238.8 req/s (0.2 ms/req)
Request size [B]: 78.0

Reply rate [replies/s]: min 0.0 avg 5919.9 max 9344.4 stddev 3736.6 (122 samples)
Reply time [ms]: response 676.2 transfer 0.4
Reply size [B]: header 206.0 content 61.0 footer 0.0 (total 267.0)
Reply status: 1xx=0 2xx=333329 3xx=0 4xx=0 5xx=28092

CPU time [s]: user 5.16 system 56.19 (user 8.4% system 91.5% total 99.9%)
Net I/O: 2015.7 KB/s (16.5*10^6 bps)

Errors: total 21859 client-timo 3 socket-timo 0 connrefused 0 connreset 21856
Errors: fd-unavail 0 addrunavail 0 ftab-full 0 other 0
Zero replies received, test invalid: rate 1100
Use of uninitialized value in concatenation (.) or string at /usr/local/bin/autobench line 326.
Use of uninitialized value in concatenation (.) or string at /usr/local/bin/autobench line 326.
Use of uninitialized value in concatenation (.) or string at /usr/local/bin/autobench line 326.
Use of uninitialized value in concatenation (.) or string at /usr/local/bin/autobench line 326.
Use of uninitialized value in concatenation (.) or string at /usr/local/bin/autobench line 326.
Use of uninitialized value in concatenation (.) or string at /usr/local/bin/autobench line 326.
Use of uninitialized value in concatenation (.) or string at /usr/local/bin/autobench line 326.
Use of uninitialized value in concatenation (.) or string at /usr/local/bin/autobench line 326.
Zero replies received, test invalid: rate 1200
Use of uninitialized value in concatenation (.) or string at /usr/local/bin/autobench line 326.
Use of uninitialized value in concatenation (.) or string at /usr/local/bin/autobench line 326.
Use of uninitialized value in concatenation (.) or string at /usr/local/bin/autobench line 326.
Use of uninitialized value in concatenation (.) or string at /usr/local/bin/autobench line 326.
Use of uninitialized value in concatenation (.) or string at /usr/local/bin/autobench line 326.
Use of uninitialized value in concatenation (.) or string at /usr/local/bin/autobench line 326.
Use of uninitialized value in concatenation (.) or string at /usr/local/bin/autobench line 326.
Use of uninitialized value in concatenation (.) or string at /usr/local/bin/autobench line 326.
Zero replies received, test invalid: rate 1300
Use of uninitialized value in concatenation (.) or string at /usr/local/bin/autobench line 326.
Use of uninitialized value in concatenation (.) or string at /usr/local/bin/autobench line 326.
Use of uninitialized value in concatenation (.) or string at /usr/local/bin/autobench line 326.
Use of uninitialized value in concatenation (.) or string at /usr/local/bin/autobench line 326.
Use of uninitialized value in concatenation (.) or string at /usr/local/bin/autobench line 326.
Use of uninitialized value in concatenation (.) or string at /usr/local/bin/autobench line 326.
Use of uninitialized value in concatenation (.) or string at /usr/local/bin/autobench line 326.
Use of uninitialized value in concatenation (.) or string at /usr/local/bin/autobench line 326.
Zero replies received, test invalid: rate 1400
Use of uninitialized value in concatenation (.) or string at /usr/local/bin/autobench line 326.
Use of uninitialized value in concatenation (.) or string at /usr/local/bin/autobench line 326.
Use of uninitialized value in concatenation (.) or string at /usr/local/bin/autobench line 326.
Use of uninitialized value in concatenation (.) or string at /usr/local/bin/autobench line 326.
Use of uninitialized value in concatenation (.) or string at /usr/local/bin/autobench line 326.
Use of uninitialized value in concatenation (.) or string at /usr/local/bin/autobench line 326.
Use of uninitialized value in concatenation (.) or string at /usr/local/bin/autobench line 326.
Use of uninitialized value in concatenation (.) or string at /usr/local/bin/autobench line 326.
Zero replies received, test invalid: rate 1500
Use of uninitialized value in concatenation (.) or string at /usr/local/bin/autobench line 326.
Use of uninitialized value in concatenation (.) or string at /usr/local/bin/autobench line 326.
Use of uninitialized value in concatenation (.) or string at /usr/local/bin/autobench line 326.
Use of uninitialized value in concatenation (.) or string at /usr/local/bin/autobench line 326.
Use of uninitialized value in concatenation (.) or string at /usr/local/bin/autobench line 326.
Use of uninitialized value in concatenation (.) or string at /usr/local/bin/autobench line 326.
Use of uninitialized value in concatenation (.) or string at /usr/local/bin/autobench line 326.
Use of uninitialized value in concatenation (.) or string at /usr/local/bin/autobench line 326.
Zero replies received, test invalid: rate 1600
Use of uninitialized value in concatenation (.) or string at /usr/local/bin/autobench line 326.
Use of uninitialized value in concatenation (.) or string at /usr/local/bin/autobench line 326.
Use of uninitialized value in concatenation (.) or string at /usr/local/bin/autobench line 326.
Use of uninitialized value in concatenation (.) or string at /usr/local/bin/autobench line 326.
Use of uninitialized value in concatenation (.) or string at /usr/local/bin/autobench line 326.
Use of uninitialized value in concatenation (.) or string at /usr/local/bin/autobench line 326.
Use of uninitialized value in concatenation (.) or string at /usr/local/bin/autobench line 326.
Use of uninitialized value in concatenation (.) or string at /usr/local/bin/autobench line 326.
Zero replies received, test invalid: rate 1700
Use of uninitialized value in concatenation (.) or string at /usr/local/bin/autobench line 326.
Use of uninitialized value in concatenation (.) or string at /usr/local/bin/autobench line 326.
Use of uninitialized value in concatenation (.) or string at /usr/local/bin/autobench line 326.
Use of uninitialized value in concatenation (.) or string at /usr/local/bin/autobench line 326.
Use of uninitialized value in concatenation (.) or string at /usr/local/bin/autobench line 326.
Use of uninitialized value in concatenation (.) or string at /usr/local/bin/autobench line 326.
Use of uninitialized value in concatenation (.) or string at /usr/local/bin/autobench line 326.
Use of uninitialized value in concatenation (.) or string at /usr/local/bin/autobench line 326.
Zero replies received, test invalid: rate 1800
Use of uninitialized value in concatenation (.) or string at /usr/local/bin/autobench line 326.
Use of uninitialized value in concatenation (.) or string at /usr/local/bin/autobench line 326.
Use of uninitialized value in concatenation (.) or string at /usr/local/bin/autobench line 326.
Use of uninitialized value in concatenation (.) or string at /usr/local/bin/autobench line 326.
Use of uninitialized value in concatenation (.) or string at /usr/local/bin/autobench line 326.
Use of uninitialized value in concatenation (.) or string at /usr/local/bin/autobench line 326.
Use of uninitialized value in concatenation (.) or string at /usr/local/bin/autobench line 326.
Use of uninitialized value in concatenation (.) or string at /usr/local/bin/autobench line 326.
Zero replies received, test invalid: rate 1900
Use of uninitialized value in concatenation (.) or string at /usr/local/bin/autobench line 326.
Use of uninitialized value in concatenation (.) or string at /usr/local/bin/autobench line 326.
Use of uninitialized value in concatenation (.) or string at /usr/local/bin/autobench line 326.
Use of uninitialized value in concatenation (.) or string at /usr/local/bin/autobench line 326.
Use of uninitialized value in concatenation (.) or string at /usr/local/bin/autobench line 326.
Use of uninitialized value in concatenation (.) or string at /usr/local/bin/autobench line 326.
Use of uninitialized value in concatenation (.) or string at /usr/local/bin/autobench line 326.
Use of uninitialized value in concatenation (.) or string at /usr/local/bin/autobench line 326.
Zero replies received, test invalid: rate 2000
Use of uninitialized value in concatenation (.) or string at /usr/local/bin/autobench line 326.
Use of uninitialized value in concatenation (.) or string at /usr/local/bin/autobench line 326.
Use of uninitialized value in concatenation (.) or string at /usr/local/bin/autobench line 326.
Use of uninitialized value in concatenation (.) or string at /usr/local/bin/autobench line 326.
Use of uninitialized value in concatenation (.) or string at /usr/local/bin/autobench line 326.
Use of uninitialized value in concatenation (.) or string at /usr/local/bin/autobench line 326.
Use of uninitialized value in concatenation (.) or string at /usr/local/bin/autobench line 326.
Use of uninitialized value in concatenation (.) or string at /usr/local/bin/autobench line 326.
Zero replies received, test invalid: rate 2100
Use of uninitialized value in concatenation (.) or string at /usr/local/bin/autobench line 326.
Use of uninitialized value in concatenation (.) or string at /usr/local/bin/autobench line 326.
Use of uninitialized value in concatenation (.) or string at /usr/local/bin/autobench line 326.
Use of uninitialized value in concatenation (.) or string at /usr/local/bin/autobench line 326.
Use of uninitialized value in concatenation (.) or string at /usr/local/bin/autobench line 326.
Use of uninitialized value in concatenation (.) or string at /usr/local/bin/autobench line 326.
Use of uninitialized value in concatenation (.) or string at /usr/local/bin/autobench line 326.
Use of uninitialized value in concatenation (.) or string at /usr/local/bin/autobench line 326.
Zero replies received, test invalid: rate 2200
Use of uninitialized value in concatenation (.) or string at /usr/local/bin/autobench line 326.
Use of uninitialized value in concatenation (.) or string at /usr/local/bin/autobench line 326.
Use of uninitialized value in concatenation (.) or string at /usr/local/bin/autobench line 326.
Use of uninitialized value in concatenation (.) or string at /usr/local/bin/autobench line 326.
Use of uninitialized value in concatenation (.) or string at /usr/local/bin/autobench line 326.
Use of uninitialized value in concatenation (.) or string at /usr/local/bin/autobench line 326.
Use of uninitialized value in concatenation (.) or string at /usr/local/bin/autobench line 326.
Use of uninitialized value in concatenation (.) or string at /usr/local/bin/autobench line 326.
Zero replies received, test invalid: rate 2300
Use of uninitialized value in concatenation (.) or string at /usr/local/bin/autobench line 326.
Use of uninitialized value in concatenation (.) or string at /usr/local/bin/autobench line 326.
Use of uninitialized value in concatenation (.) or string at /usr/local/bin/autobench line 326.
Use of uninitialized value in concatenation (.) or string at /usr/local/bin/autobench line 326.
Use of uninitialized value in concatenation (.) or string at /usr/local/bin/autobench line 326.
Use of uninitialized value in concatenation (.) or string at /usr/local/bin/autobench line 326.
Use of uninitialized value in concatenation (.) or string at /usr/local/bin/autobench line 326.
Use of uninitialized value in concatenation (.) or string at /usr/local/bin/autobench line 326.
Zero replies received, test invalid: rate 2400
Use of uninitialized value in concatenation (.) or string at /usr/local/bin/autobench line 326.
Use of uninitialized value in concatenation (.) or string at /usr/local/bin/autobench line 326.
Use of uninitialized value in concatenation (.) or string at /usr/local/bin/autobench line 326.
Use of uninitialized value in concatenation (.) or string at /usr/local/bin/autobench line 326.
Use of uninitialized value in concatenation (.) or string at /usr/local/bin/autobench line 326.
Use of uninitialized value in concatenation (.) or string at /usr/local/bin/autobench line 326.
Use of uninitialized value in concatenation (.) or string at /usr/local/bin/autobench line 326.
Use of uninitialized value in concatenation (.) or string at /usr/local/bin/autobench line 326.
